Using pre-set license
Built from '2020.3/staging' branch; Version is '2020.3.30f1 (1fb1bf06830e) revision 2077119'; Using compiler version '192528614'; Build Type 'Release'
OS: 'Windows 10  (10.0.19044) 64bit Core' Language: 'pt' Physical Memory: 8088 MB
BatchMode: 1, IsHumanControllingUs: 0, StartBugReporterOnCrash: 0, Is64bit: 1, IsPro: 0

COMMAND LINE ARGUMENTS:
D:\Program Files (x86)\2020.3.30f1\Editor\Unity.exe
-adb2
-batchMode
-noUpm
-name
AssetImportWorker1
-projectPath
D:/FACULDADE/Mestrado/6º Ano/TJD/jogo/game_TJD/KnowledgeHunter
-logFile
Logs/AssetImportWorker1.log
-srvPort
51829
Successfully changed project path to: D:/FACULDADE/Mestrado/6º Ano/TJD/jogo/game_TJD/KnowledgeHunter
D:/FACULDADE/Mestrado/6º Ano/TJD/jogo/game_TJD/KnowledgeHunter
Using Asset Import Pipeline V2.
Refreshing native plugins compatible for Editor in 99.19 ms, found 2 plugins.
Preloading 0 native plugins for Editor in 0.00 ms.
Initialize engine version: 2020.3.30f1 (1fb1bf06830e)
[Subsystems] Discovering subsystems at path D:/Program Files (x86)/2020.3.30f1/Editor/Data/Resources/UnitySubsystems
[Subsystems] Discovering subsystems at path D:/FACULDADE/Mestrado/6º Ano/TJD/jogo/game_TJD/KnowledgeHunter/Assets
GfxDevice: creating device client; threaded=0
Direct3D:
    Version:  Direct3D 11.0 [level 11.0]
    Renderer: NVIDIA GeForce GTX 950M (ID=0x139a)
    Vendor:   
    VRAM:     4055 MB
    Driver:   31.0.15.1659
Initialize mono
Mono path[0] = 'D:/Program Files (x86)/2020.3.30f1/Editor/Data/Managed'
Mono path[1] = 'D:/Program Files (x86)/2020.3.30f1/Editor/Data/MonoBleedingEdge/lib/mono/unityjit'
Mono config path = 'D:/Program Files (x86)/2020.3.30f1/Editor/Data/MonoBleedingEdge/etc'
Using monoOptions --debugger-agent=transport=dt_socket,embedding=1,server=y,suspend=n,address=127.0.0.1:56904
Begin MonoManager ReloadAssembly
Registering precompiled unity dll's ...
Register platform support module: D:/Program Files (x86)/2020.3.30f1/Editor/Data/PlaybackEngines/WebGLSupport/UnityEditor.WebGL.Extensions.dll
Register platform support module: D:/Program Files (x86)/2020.3.30f1/Editor/Data/PlaybackEngines/WindowsStandaloneSupport/UnityEditor.WindowsStandalone.Extensions.dll
Registered in 0.003957 seconds.
Native extension for WindowsStandalone target not found
Native extension for WebGL target not found
Refreshing native plugins compatible for Editor in 88.27 ms, found 2 plugins.
Preloading 0 native plugins for Editor in 0.00 ms.
Unable to find bridge dll in registry for Microsoft Visual Studio Tools for Unity for C:\Program Files (x86)\Microsoft Visual Studio\2019\Community\Common7\IDE\devenv.exe
Mono: successfully reloaded assembly
- Completed reload, in  1.319 seconds
Domain Reload Profiling:
	ReloadAssembly (1320ms)
		BeginReloadAssembly (192ms)
			ExecutionOrderSort (0ms)
			DisableScriptedObjects (0ms)
			BackupInstance (0ms)
			ReleaseScriptingObjects (0ms)
			CreateAndSetChildDomain (1ms)
		EndReloadAssembly (983ms)
			LoadAssemblies (191ms)
			RebuildTransferFunctionScriptingTraits (0ms)
			SetupTypeCache (321ms)
			ReleaseScriptCaches (0ms)
			RebuildScriptCaches (56ms)
			SetupLoadedEditorAssemblies (412ms)
				LogAssemblyErrors (0ms)
				InitializePlatformSupportModulesInManaged (11ms)
				SetLoadedEditorAssemblies (0ms)
				RefreshPlugins (88ms)
				BeforeProcessingInitializeOnLoad (23ms)
				ProcessInitializeOnLoadAttributes (165ms)
				ProcessInitializeOnLoadMethodAttributes (123ms)
				AfterProcessingInitializeOnLoad (0ms)
				EditorAssembliesLoaded (1ms)
			ExecutionOrderSort2 (0ms)
			AwakeInstancesAfterBackupRestoration (0ms)
Platform modules already initialized, skipping
Registering precompiled user dll's ...
Registered in 0.013786 seconds.
Begin MonoManager ReloadAssembly
Symbol file data-000001C3EF8682C0 doesn't match image D:\FACULDADE\Mestrado\6º Ano\TJD\jogo\game_TJD\KnowledgeHunter\Library\ScriptAssemblies\Unity.Services.Core.Editor.dll
Symbol file LoadedFromMemory is not a mono symbol file
Symbol file data-000001C3EF686010 doesn't match image D:\FACULDADE\Mestrado\6º Ano\TJD\jogo\game_TJD\KnowledgeHunter\Library\ScriptAssemblies\Cinemachine.dll
Symbol file LoadedFromMemory is not a mono symbol file
Symbol file data-000001C3F05C7030 doesn't match image D:\FACULDADE\Mestrado\6º Ano\TJD\jogo\game_TJD\KnowledgeHunter\Library\ScriptAssemblies\Unity.VSCode.Editor.dll
Symbol file LoadedFromMemory is not a mono symbol file
Symbol file data-000001C3EF6B5220 doesn't match image D:\FACULDADE\Mestrado\6º Ano\TJD\jogo\game_TJD\KnowledgeHunter\Library\ScriptAssemblies\com.unity.cinemachine.editor.dll
Symbol file LoadedFromMemory is not a mono symbol file
Symbol file data-000001C3EF6B5220 doesn't match image D:\FACULDADE\Mestrado\6º Ano\TJD\jogo\game_TJD\KnowledgeHunter\Library\ScriptAssemblies\Unity.TextMeshPro.Editor.dll
Symbol file LoadedFromMemory is not a mono symbol file
Symbol file data-000001C3EF9CC220 doesn't match image D:\FACULDADE\Mestrado\6º Ano\TJD\jogo\game_TJD\KnowledgeHunter\Library\ScriptAssemblies\Unity.VisualStudio.Editor.dll
Symbol file LoadedFromMemory is not a mono symbol file
Symbol file data-000001C3EF9CC220 doesn't match image D:\FACULDADE\Mestrado\6º Ano\TJD\jogo\game_TJD\KnowledgeHunter\Library\ScriptAssemblies\UnityEngine.TestRunner.dll
Symbol file LoadedFromMemory is not a mono symbol file
Symbol file data-000001C3EF9E9010 doesn't match image D:\FACULDADE\Mestrado\6º Ano\TJD\jogo\game_TJD\KnowledgeHunter\Library\ScriptAssemblies\Unity.Timeline.Editor.dll
Symbol file LoadedFromMemory is not a mono symbol file
Symbol file data-000001C3EF6B5220 doesn't match image D:\FACULDADE\Mestrado\6º Ano\TJD\jogo\game_TJD\KnowledgeHunter\Library\ScriptAssemblies\Unity.Timeline.dll
Symbol file LoadedFromMemory is not a mono symbol file
Symbol file data-000001C3EB866430 doesn't match image D:\FACULDADE\Mestrado\6º Ano\TJD\jogo\game_TJD\KnowledgeHunter\Library\ScriptAssemblies\Unity.TextMeshPro.dll
Symbol file LoadedFromMemory is not a mono symbol file
Symbol file data-000001C3EF6B5220 doesn't match image D:\FACULDADE\Mestrado\6º Ano\TJD\jogo\game_TJD\KnowledgeHunter\Library\ScriptAssemblies\Unity.CollabProxy.Editor.dll
Symbol file LoadedFromMemory is not a mono symbol file
Symbol file data-000001C3EF6B5220 doesn't match image D:\FACULDADE\Mestrado\6º Ano\TJD\jogo\game_TJD\KnowledgeHunter\Library\ScriptAssemblies\UnityEditor.TestRunner.dll
Symbol file LoadedFromMemory is not a mono symbol file
Symbol file data-000001C3EF6B5220 doesn't match image D:\FACULDADE\Mestrado\6º Ano\TJD\jogo\game_TJD\KnowledgeHunter\Library\ScriptAssemblies\Unity.2D.Sprite.Editor.dll
Symbol file LoadedFromMemory is not a mono symbol file
Symbol file data-000001C3F03BCC20 doesn't match image D:\FACULDADE\Mestrado\6º Ano\TJD\jogo\game_TJD\KnowledgeHunter\Library\ScriptAssemblies\UnityEditor.UI.dll
Symbol file LoadedFromMemory is not a mono symbol file
Symbol file data-000001C3EF1BA020 doesn't match image D:\FACULDADE\Mestrado\6º Ano\TJD\jogo\game_TJD\KnowledgeHunter\Library\ScriptAssemblies\Unity.PlasticSCM.Editor.dll
Symbol file LoadedFromMemory is not a mono symbol file
Symbol file data-000001C3EF8682C0 doesn't match image D:\FACULDADE\Mestrado\6º Ano\TJD\jogo\game_TJD\KnowledgeHunter\Library\ScriptAssemblies\Unity.Rider.Editor.dll
Symbol file LoadedFromMemory is not a mono symbol file
Symbol file data-000001C3EB88EA40 doesn't match image D:\FACULDADE\Mestrado\6º Ano\TJD\jogo\game_TJD\KnowledgeHunter\Library\ScriptAssemblies\UnityEngine.UI.dll
Symbol file LoadedFromMemory is not a mono symbol file
Native extension for WindowsStandalone target not found
Native extension for WebGL target not found
Refreshing native plugins compatible for Editor in 0.50 ms, found 2 plugins.
Preloading 0 native plugins for Editor in 0.00 ms.
Mono: successfully reloaded assembly
- Completed reload, in  3.768 seconds
Domain Reload Profiling:
	ReloadAssembly (3769ms)
		BeginReloadAssembly (329ms)
			ExecutionOrderSort (0ms)
			DisableScriptedObjects (13ms)
			BackupInstance (0ms)
			ReleaseScriptingObjects (0ms)
			CreateAndSetChildDomain (37ms)
		EndReloadAssembly (3346ms)
			LoadAssemblies (1097ms)
			RebuildTransferFunctionScriptingTraits (0ms)
			SetupTypeCache (650ms)
			ReleaseScriptCaches (1ms)
			RebuildScriptCaches (85ms)
			SetupLoadedEditorAssemblies (1380ms)
				LogAssemblyErrors (0ms)
				InitializePlatformSupportModulesInManaged (24ms)
				SetLoadedEditorAssemblies (1ms)
				RefreshPlugins (1ms)
				BeforeProcessingInitializeOnLoad (152ms)
				ProcessInitializeOnLoadAttributes (1006ms)
				ProcessInitializeOnLoadMethodAttributes (185ms)
				AfterProcessingInitializeOnLoad (10ms)
				EditorAssembliesLoaded (0ms)
			ExecutionOrderSort2 (0ms)
			AwakeInstancesAfterBackupRestoration (20ms)
Platform modules already initialized, skipping
========================================================================
Worker process is ready to serve import requests
Launched and connected shader compiler UnityShaderCompiler.exe after 0.35 seconds
Refreshing native plugins compatible for Editor in 0.53 ms, found 2 plugins.
Preloading 0 native plugins for Editor in 0.00 ms.
Unloading 1764 Unused Serialized files (Serialized files now loaded: 0)
System memory in use before: 85.2 MB.
System memory in use after: 85.3 MB.

Unloading 17 unused Assets to reduce memory usage. Loaded Objects now: 2211.
Total: 9.244100 ms (FindLiveObjects: 0.337000 ms CreateObjectMapping: 0.124100 ms MarkObjects: 8.698900 ms  DeleteObjects: 0.082800 ms)

AssetImportParameters requested are different than current active one (requested -> active):
  custom:framework-win-MediaFoundation: 216162199b28c13a410421893ffa2e32 -> 
  custom:video-decoder-ogg-theora: a1e56fd34408186e4bbccfd4996cb3dc -> 
  custom:container-muxer-webm: aa71ff27fc2769a1b78a27578f13a17b -> 
  custom:container-demuxer-webm: 4f35f7cbe854078d1ac9338744f61a02 -> 
  custom:container-demuxer-ogg: 62fdf1f143b41e24485cea50d1cbac27 -> 
  custom:video-encoder-webm-vp8: eb34c28f22e8b96e1ab97ce403110664 -> 
  custom:video-decoder-webm-vp8: 9c59270c3fd7afecdb556c50c9e8de78 -> 
  custom:audio-decoder-ogg-vorbis: bf7c407c2cedff20999df2af8eb42d56 -> 
  custom:audio-encoder-webm-vorbis: bf7c407c2cedff20999df2af8eb42d56 -> 
========================================================================
Received Import Request.
  path: Assets/Character/enemy5.blend
  artifactKey: Guid(07ffd61d78a44104a93dcc61e6ceeb08) Importer(815301076,1909f56bfc062723c751e8b465ee728b)
Start importing Assets/Character/enemy5.blend using Guid(07ffd61d78a44104a93dcc61e6ceeb08) Importer(815301076,1909f56bfc062723c751e8b465ee728b)  -> (artifact id: '3ec274887c968463d354800a506803c1') in 4.753833 seconds 
========================================================================
Received Import Request.
  Time since last request: 0.002374 seconds.
  path: Assets/Character/enemy4.blend
  artifactKey: Guid(325089e682c708b42bd846d8cfd71e35) Importer(815301076,1909f56bfc062723c751e8b465ee728b)
Start importing Assets/Character/enemy4.blend using Guid(325089e682c708b42bd846d8cfd71e35) Importer(815301076,1909f56bfc062723c751e8b465ee728b)  -> (artifact id: '6f4585748c06be13690c6cf735726de2') in 0.708614 seconds 
========================================================================
Received Import Request.
  Time since last request: 0.000755 seconds.
  path: Assets/Character/enemy6.blend
  artifactKey: Guid(d589330748c94a641a4c7a5220fc3b02) Importer(815301076,1909f56bfc062723c751e8b465ee728b)
Start importing Assets/Character/enemy6.blend using Guid(d589330748c94a641a4c7a5220fc3b02) Importer(815301076,1909f56bfc062723c751e8b465ee728b)  -> (artifact id: '57cc85457f5ec969b0a3e0e0b58ad0bb') in 0.603647 seconds 
========================================================================
Received Import Request.
  Time since last request: 0.000405 seconds.
  path: Assets/Character/enemy2.blend
  artifactKey: Guid(6ae05805e1fdc474081af7772572f4a2) Importer(815301076,1909f56bfc062723c751e8b465ee728b)
Start importing Assets/Character/enemy2.blend using Guid(6ae05805e1fdc474081af7772572f4a2) Importer(815301076,1909f56bfc062723c751e8b465ee728b)  -> (artifact id: '7b1502e90ea980e8e92f25dd5eafb1d0') in 0.153950 seconds 
========================================================================
Received Import Request.
  Time since last request: 0.000426 seconds.
  path: Assets/Character/enemy3.blend
  artifactKey: Guid(3552fa09d3f4f6d4782e65f5ef4d2288) Importer(815301076,1909f56bfc062723c751e8b465ee728b)
Start importing Assets/Character/enemy3.blend using Guid(3552fa09d3f4f6d4782e65f5ef4d2288) Importer(815301076,1909f56bfc062723c751e8b465ee728b)  -> (artifact id: 'b8a22404ab15713cc3a70cb1cc3f4a0e') in 0.351867 seconds 
========================================================================
Received Import Request.
  Time since last request: 0.000613 seconds.
  path: Assets/Character/enemy1.blend
  artifactKey: Guid(800d009094661774abd579a27e1e7314) Importer(815301076,1909f56bfc062723c751e8b465ee728b)
Start importing Assets/Character/enemy1.blend using Guid(800d009094661774abd579a27e1e7314) Importer(815301076,1909f56bfc062723c751e8b465ee728b)  -> (artifact id: '7956c37e5464d617a80200ad001af438') in 0.302763 seconds 
========================================================================
Received Import Request.
  Time since last request: 932.895080 seconds.
  path: Assets/Character/Prefabs/Female_Mage_Character (1).prefab
  artifactKey: Guid(98d6671171d6bae4c9fc6e1535b8c4b0) Importer(815301076,1909f56bfc062723c751e8b465ee728b)
Start importing Assets/Character/Prefabs/Female_Mage_Character (1).prefab using Guid(98d6671171d6bae4c9fc6e1535b8c4b0) Importer(815301076,1909f56bfc062723c751e8b465ee728b)  -> (artifact id: '1f3d3110addd717a4cf51d5ca543390e') in 0.231930 seconds 
========================================================================
Received Import Request.
  Time since last request: 0.000480 seconds.
  path: Assets/Character/Prefabs/FemaleCharacter.prefab
  artifactKey: Guid(f0fd201ed60b8cc419275090582b8cc1) Importer(815301076,1909f56bfc062723c751e8b465ee728b)
Start importing Assets/Character/Prefabs/FemaleCharacter.prefab using Guid(f0fd201ed60b8cc419275090582b8cc1) Importer(815301076,1909f56bfc062723c751e8b465ee728b)  -> (artifact id: '18676780b885c2438c7de530a91983b0') in 0.082114 seconds 
========================================================================
Received Import Request.
  Time since last request: 28.953206 seconds.
  path: Assets/Character/Prefabs/Female_Mage_Character (1).prefab
  artifactKey: Guid(98d6671171d6bae4c9fc6e1535b8c4b0) Importer(815301076,1909f56bfc062723c751e8b465ee728b)
Start importing Assets/Character/Prefabs/Female_Mage_Character (1).prefab using Guid(98d6671171d6bae4c9fc6e1535b8c4b0) Importer(815301076,1909f56bfc062723c751e8b465ee728b)  -> (artifact id: 'd4a3cb153530c9e36c5e190719fa878c') in 0.090818 seconds 
========================================================================
Received Import Request.
  Time since last request: 2.747757 seconds.
  path: Assets/Character/Prefabs/Female_Mage_Character (1).prefab
  artifactKey: Guid(98d6671171d6bae4c9fc6e1535b8c4b0) Importer(815301076,1909f56bfc062723c751e8b465ee728b)
Start importing Assets/Character/Prefabs/Female_Mage_Character (1).prefab using Guid(98d6671171d6bae4c9fc6e1535b8c4b0) Importer(815301076,1909f56bfc062723c751e8b465ee728b)  -> (artifact id: 'bd351777749a1403119436a2f0af3011') in 0.183999 seconds 
========================================================================
Received Import Request.
  Time since last request: 2.922173 seconds.
  path: Assets/Character/Prefabs/Female_Mage_Character (1).prefab
  artifactKey: Guid(98d6671171d6bae4c9fc6e1535b8c4b0) Importer(815301076,1909f56bfc062723c751e8b465ee728b)
Start importing Assets/Character/Prefabs/Female_Mage_Character (1).prefab using Guid(98d6671171d6bae4c9fc6e1535b8c4b0) Importer(815301076,1909f56bfc062723c751e8b465ee728b)  -> (artifact id: 'e0502583f29f9148d5714e5a9e488566') in 0.040489 seconds 
========================================================================
Received Import Request.
  Time since last request: 2.497213 seconds.
  path: Assets/Character/Prefabs/Female_Mage_Character (1).prefab
  artifactKey: Guid(98d6671171d6bae4c9fc6e1535b8c4b0) Importer(815301076,1909f56bfc062723c751e8b465ee728b)
Start importing Assets/Character/Prefabs/Female_Mage_Character (1).prefab using Guid(98d6671171d6bae4c9fc6e1535b8c4b0) Importer(815301076,1909f56bfc062723c751e8b465ee728b)  -> (artifact id: '5ae5f0944ff63f10fa8319bb3d1d509a') in 0.167359 seconds 
========================================================================
Received Import Request.
  Time since last request: 36.428576 seconds.
  path: Assets/Character/Prefabs/FemaleCharacter.prefab
  artifactKey: Guid(f0fd201ed60b8cc419275090582b8cc1) Importer(815301076,1909f56bfc062723c751e8b465ee728b)
Start importing Assets/Character/Prefabs/FemaleCharacter.prefab using Guid(f0fd201ed60b8cc419275090582b8cc1) Importer(815301076,1909f56bfc062723c751e8b465ee728b)  -> (artifact id: 'b03d3b1c31d2853bb472c20b353d79d5') in 0.066589 seconds 
========================================================================
Received Import Request.
  Time since last request: 2.690315 seconds.
  path: Assets/Character/Prefabs/FemaleCharacter.prefab
  artifactKey: Guid(f0fd201ed60b8cc419275090582b8cc1) Importer(815301076,1909f56bfc062723c751e8b465ee728b)
Start importing Assets/Character/Prefabs/FemaleCharacter.prefab using Guid(f0fd201ed60b8cc419275090582b8cc1) Importer(815301076,1909f56bfc062723c751e8b465ee728b)  -> (artifact id: '5646e888cfe6280cd005ef7aa281ffc7') in 0.178838 seconds 
========================================================================
Received Import Request.
  Time since last request: 4.761930 seconds.
  path: Assets/Character/Prefabs/FemaleCharacter.prefab
  artifactKey: Guid(f0fd201ed60b8cc419275090582b8cc1) Importer(815301076,1909f56bfc062723c751e8b465ee728b)
Start importing Assets/Character/Prefabs/FemaleCharacter.prefab using Guid(f0fd201ed60b8cc419275090582b8cc1) Importer(815301076,1909f56bfc062723c751e8b465ee728b)  -> (artifact id: 'a24f28931a86f8168c5e5b3cd72bc4b8') in 0.164637 seconds 
========================================================================
Received Import Request.
  Time since last request: 4.559264 seconds.
  path: Assets/Character/Prefabs/FemaleCharacter.prefab
  artifactKey: Guid(f0fd201ed60b8cc419275090582b8cc1) Importer(815301076,1909f56bfc062723c751e8b465ee728b)
Start importing Assets/Character/Prefabs/FemaleCharacter.prefab using Guid(f0fd201ed60b8cc419275090582b8cc1) Importer(815301076,1909f56bfc062723c751e8b465ee728b)  -> (artifact id: 'a51708d1e9782dd8ca0462c073c00c60') in 0.047694 seconds 
========================================================================
Received Import Request.
  Time since last request: 1.503402 seconds.
  path: Assets/Character/Prefabs/FemaleCharacter.prefab
  artifactKey: Guid(f0fd201ed60b8cc419275090582b8cc1) Importer(815301076,1909f56bfc062723c751e8b465ee728b)
Start importing Assets/Character/Prefabs/FemaleCharacter.prefab using Guid(f0fd201ed60b8cc419275090582b8cc1) Importer(815301076,1909f56bfc062723c751e8b465ee728b)  -> (artifact id: 'eff869c8c580a3e03ad44c0b8dfa8e4a') in 0.066437 seconds 
========================================================================
Received Import Request.
  Time since last request: 77.857034 seconds.
  path: Assets/Character/Prefabs/FemaleCharacter.prefab
  artifactKey: Guid(f0fd201ed60b8cc419275090582b8cc1) Importer(815301076,1909f56bfc062723c751e8b465ee728b)
Start importing Assets/Character/Prefabs/FemaleCharacter.prefab using Guid(f0fd201ed60b8cc419275090582b8cc1) Importer(815301076,1909f56bfc062723c751e8b465ee728b)  -> (artifact id: '7f93527d24f3f3606c9466d75d0748cc') in 0.203196 seconds 
========================================================================
Received Import Request.
  Time since last request: 42.471365 seconds.
  path: Assets/Scenes/Fight.unity
  artifactKey: Guid(b7bf2bbc89dd71745b15942fdb404558) Importer(815301076,1909f56bfc062723c751e8b465ee728b)
Start importing Assets/Scenes/Fight.unity using Guid(b7bf2bbc89dd71745b15942fdb404558) Importer(815301076,1909f56bfc062723c751e8b465ee728b)  -> (artifact id: '40839fc9f0e5091d7b79c64b023ed9bc') in 0.050696 seconds 
========================================================================
Received Import Request.
  Time since last request: 18.449157 seconds.
  path: Assets/Scenes/NovoJogo.unity
  artifactKey: Guid(66e8a3db75f425847b23aed006b43027) Importer(815301076,1909f56bfc062723c751e8b465ee728b)
Start importing Assets/Scenes/NovoJogo.unity using Guid(66e8a3db75f425847b23aed006b43027) Importer(815301076,1909f56bfc062723c751e8b465ee728b)  -> (artifact id: '1afe49c311b4927936d951845bd25c3d') in 0.008351 seconds 
========================================================================
Received Import Request.
  Time since last request: 78.390737 seconds.
  path: Assets/Character/Prefabs/FemaleCharacter (1).prefab
  artifactKey: Guid(974dd2da9dd7c0e45b629db7b2704c8f) Importer(815301076,1909f56bfc062723c751e8b465ee728b)
Start importing Assets/Character/Prefabs/FemaleCharacter (1).prefab using Guid(974dd2da9dd7c0e45b629db7b2704c8f) Importer(815301076,1909f56bfc062723c751e8b465ee728b)  -> (artifact id: 'fc25218c613b84d4a915995bc9d12529') in 0.182577 seconds 
========================================================================
Received Import Request.
  Time since last request: 23.354194 seconds.
  path: Assets/Character/Prefabs/FemaleCharacter (1).prefab
  artifactKey: Guid(974dd2da9dd7c0e45b629db7b2704c8f) Importer(815301076,1909f56bfc062723c751e8b465ee728b)
Start importing Assets/Character/Prefabs/FemaleCharacter (1).prefab using Guid(974dd2da9dd7c0e45b629db7b2704c8f) Importer(815301076,1909f56bfc062723c751e8b465ee728b)  -> (artifact id: '1eb117b8a7334faafbfeed96b2a0c6a0') in 0.066703 seconds 
========================================================================
Received Import Request.
  Time since last request: 12.090751 seconds.
  path: Assets/Character/Prefabs/Female_Mage_Character (1).prefab
  artifactKey: Guid(974dd2da9dd7c0e45b629db7b2704c8f) Importer(815301076,1909f56bfc062723c751e8b465ee728b)
Start importing Assets/Character/Prefabs/Female_Mage_Character (1).prefab using Guid(974dd2da9dd7c0e45b629db7b2704c8f) Importer(815301076,1909f56bfc062723c751e8b465ee728b)  -> (artifact id: '8733706c208efc9c5633abc996169451') in 0.068215 seconds 
========================================================================
Received Import Request.
  Time since last request: 10.916705 seconds.
  path: Assets/Character/Prefabs/Female_Mage_Character (1).prefab
  artifactKey: Guid(974dd2da9dd7c0e45b629db7b2704c8f) Importer(815301076,1909f56bfc062723c751e8b465ee728b)
Start importing Assets/Character/Prefabs/Female_Mage_Character (1).prefab using Guid(974dd2da9dd7c0e45b629db7b2704c8f) Importer(815301076,1909f56bfc062723c751e8b465ee728b)  -> (artifact id: '637a6f9cbcd4f168388b0f4a73357520') in 0.184649 seconds 
========================================================================
Received Import Request.
  Time since last request: 2.912381 seconds.
  path: Assets/Character/Prefabs/Female_Mage_Character (1).prefab
  artifactKey: Guid(974dd2da9dd7c0e45b629db7b2704c8f) Importer(815301076,1909f56bfc062723c751e8b465ee728b)
Start importing Assets/Character/Prefabs/Female_Mage_Character (1).prefab using Guid(974dd2da9dd7c0e45b629db7b2704c8f) Importer(815301076,1909f56bfc062723c751e8b465ee728b)  -> (artifact id: '5dad17801192559f4eed90f5824cd0b7') in 0.204609 seconds 
========================================================================
Received Import Request.
  Time since last request: 1.486129 seconds.
  path: Assets/Character/Prefabs/Female_Mage_Character (1).prefab
  artifactKey: Guid(974dd2da9dd7c0e45b629db7b2704c8f) Importer(815301076,1909f56bfc062723c751e8b465ee728b)
Start importing Assets/Character/Prefabs/Female_Mage_Character (1).prefab using Guid(974dd2da9dd7c0e45b629db7b2704c8f) Importer(815301076,1909f56bfc062723c751e8b465ee728b)  -> (artifact id: '03e2031998922aeda049a3759e65b74f') in 0.037912 seconds 
========================================================================
Received Import Request.
  Time since last request: 2.139058 seconds.
  path: Assets/Character/Prefabs/Female_Mage_Character (1).prefab
  artifactKey: Guid(974dd2da9dd7c0e45b629db7b2704c8f) Importer(815301076,1909f56bfc062723c751e8b465ee728b)
Start importing Assets/Character/Prefabs/Female_Mage_Character (1).prefab using Guid(974dd2da9dd7c0e45b629db7b2704c8f) Importer(815301076,1909f56bfc062723c751e8b465ee728b)  -> (artifact id: '21f63b9758efff00d655ad4d6823c6f5') in 0.173249 seconds 
========================================================================
Received Import Request.
  Time since last request: 31.579384 seconds.
  path: Assets/Character/Prefabs/Female_Mage_Character.prefab
  artifactKey: Guid(974dd2da9dd7c0e45b629db7b2704c8f) Importer(815301076,1909f56bfc062723c751e8b465ee728b)
Start importing Assets/Character/Prefabs/Female_Mage_Character.prefab using Guid(974dd2da9dd7c0e45b629db7b2704c8f) Importer(815301076,1909f56bfc062723c751e8b465ee728b)  -> (artifact id: 'f43f39b0ee5ea2ec4a5ce1e2d09e41bf') in 0.197283 seconds 
========================================================================
Received Import Request.
  Time since last request: 11.324867 seconds.
  path: Assets/Character/Prefabs/Female_Mage_Character (2).prefab
  artifactKey: Guid(e71d66b31635b2e469ef42e02eccda18) Importer(815301076,1909f56bfc062723c751e8b465ee728b)
Start importing Assets/Character/Prefabs/Female_Mage_Character (2).prefab using Guid(e71d66b31635b2e469ef42e02eccda18) Importer(815301076,1909f56bfc062723c751e8b465ee728b)  -> (artifact id: 'c310e2adba3ec92a1de459bba940b8fc') in 0.215917 seconds 
========================================================================
Received Import Request.
  Time since last request: 16.340939 seconds.
  path: Assets/Character/Prefabs/Female_Warior_Character.prefab
  artifactKey: Guid(e71d66b31635b2e469ef42e02eccda18) Importer(815301076,1909f56bfc062723c751e8b465ee728b)
Start importing Assets/Character/Prefabs/Female_Warior_Character.prefab using Guid(e71d66b31635b2e469ef42e02eccda18) Importer(815301076,1909f56bfc062723c751e8b465ee728b)  -> (artifact id: '7daed03a975b50e12bfde5070cf64b26') in 0.195054 seconds 
========================================================================
Received Import Request.
  Time since last request: 16.531834 seconds.
  path: Assets/Character/Prefabs/Female_Warior_Character.prefab
  artifactKey: Guid(e71d66b31635b2e469ef42e02eccda18) Importer(815301076,1909f56bfc062723c751e8b465ee728b)
Start importing Assets/Character/Prefabs/Female_Warior_Character.prefab using Guid(e71d66b31635b2e469ef42e02eccda18) Importer(815301076,1909f56bfc062723c751e8b465ee728b)  -> (artifact id: '4fabf3c86a5651b942daab3f10fb932a') in 0.026146 seconds 
========================================================================
Received Import Request.
  Time since last request: 816.335963 seconds.
  path: Assets/Scenes/BarFight.unity
  artifactKey: Guid(b6a46fd00db5e7e4d9060d4e22ec6e85) Importer(815301076,1909f56bfc062723c751e8b465ee728b)
Start importing Assets/Scenes/BarFight.unity using Guid(b6a46fd00db5e7e4d9060d4e22ec6e85) Importer(815301076,1909f56bfc062723c751e8b465ee728b)  -> (artifact id: 'a64ef357a5f05aa0ce16cc91d60da060') in 0.009472 seconds 
========================================================================
Received Import Request.
  Time since last request: 8.712934 seconds.
  path: Assets/Scenes/Fight.unity
  artifactKey: Guid(b7bf2bbc89dd71745b15942fdb404558) Importer(815301076,1909f56bfc062723c751e8b465ee728b)
Start importing Assets/Scenes/Fight.unity using Guid(b7bf2bbc89dd71745b15942fdb404558) Importer(815301076,1909f56bfc062723c751e8b465ee728b)  -> (artifact id: '342c436449604214449b5b7cdabbf940') in 0.009396 seconds 
========================================================================
Received Prepare
Registering precompiled user dll's ...
Registered in 0.004266 seconds.
Begin MonoManager ReloadAssembly
Symbol file data-000001C3F3148010 doesn't match image D:\FACULDADE\Mestrado\6º Ano\TJD\jogo\game_TJD\KnowledgeHunter\Library\ScriptAssemblies\Unity.Services.Core.Editor.dll
Symbol file LoadedFromMemory is not a mono symbol file
Symbol file data-000001C3EB1AD020 doesn't match image D:\FACULDADE\Mestrado\6º Ano\TJD\jogo\game_TJD\KnowledgeHunter\Library\ScriptAssemblies\Cinemachine.dll
Symbol file LoadedFromMemory is not a mono symbol file
Symbol file data-000001C3EF563040 doesn't match image D:\FACULDADE\Mestrado\6º Ano\TJD\jogo\game_TJD\KnowledgeHunter\Library\ScriptAssemblies\Unity.VSCode.Editor.dll
Symbol file LoadedFromMemory is not a mono symbol file
Symbol file data-000001C3EB17B010 doesn't match image D:\FACULDADE\Mestrado\6º Ano\TJD\jogo\game_TJD\KnowledgeHunter\Library\ScriptAssemblies\com.unity.cinemachine.editor.dll
Symbol file LoadedFromMemory is not a mono symbol file
Symbol file data-000001C3EB17B010 doesn't match image D:\FACULDADE\Mestrado\6º Ano\TJD\jogo\game_TJD\KnowledgeHunter\Library\ScriptAssemblies\Unity.TextMeshPro.Editor.dll
Symbol file LoadedFromMemory is not a mono symbol file
Symbol file data-000001C3EB080020 doesn't match image D:\FACULDADE\Mestrado\6º Ano\TJD\jogo\game_TJD\KnowledgeHunter\Library\ScriptAssemblies\Unity.VisualStudio.Editor.dll
Symbol file LoadedFromMemory is not a mono symbol file
Symbol file data-000001C3EB17B010 doesn't match image D:\FACULDADE\Mestrado\6º Ano\TJD\jogo\game_TJD\KnowledgeHunter\Library\ScriptAssemblies\UnityEngine.TestRunner.dll
Symbol file LoadedFromMemory is not a mono symbol file
Symbol file data-000001C3EB607760 doesn't match image D:\FACULDADE\Mestrado\6º Ano\TJD\jogo\game_TJD\KnowledgeHunter\Library\ScriptAssemblies\Unity.Timeline.Editor.dll
Symbol file LoadedFromMemory is not a mono symbol file
Symbol file data-000001C3EB17B010 doesn't match image D:\FACULDADE\Mestrado\6º Ano\TJD\jogo\game_TJD\KnowledgeHunter\Library\ScriptAssemblies\Unity.Timeline.dll
Symbol file LoadedFromMemory is not a mono symbol file
Symbol file data-000001C3EB607760 doesn't match image D:\FACULDADE\Mestrado\6º Ano\TJD\jogo\game_TJD\KnowledgeHunter\Library\ScriptAssemblies\Unity.TextMeshPro.dll
Symbol file LoadedFromMemory is not a mono symbol file
Symbol file data-000001C3EB17B010 doesn't match image D:\FACULDADE\Mestrado\6º Ano\TJD\jogo\game_TJD\KnowledgeHunter\Library\ScriptAssemblies\Unity.CollabProxy.Editor.dll
Symbol file LoadedFromMemory is not a mono symbol file
Symbol file data-000001C3EF4BA630 doesn't match image D:\FACULDADE\Mestrado\6º Ano\TJD\jogo\game_TJD\KnowledgeHunter\Library\ScriptAssemblies\UnityEditor.TestRunner.dll
Symbol file LoadedFromMemory is not a mono symbol file
Symbol file data-000001C3EB17B010 doesn't match image D:\FACULDADE\Mestrado\6º Ano\TJD\jogo\game_TJD\KnowledgeHunter\Library\ScriptAssemblies\Unity.2D.Sprite.Editor.dll
Symbol file LoadedFromMemory is not a mono symbol file
Symbol file data-000001C3EF1F3C40 doesn't match image D:\FACULDADE\Mestrado\6º Ano\TJD\jogo\game_TJD\KnowledgeHunter\Library\ScriptAssemblies\UnityEditor.UI.dll
Symbol file LoadedFromMemory is not a mono symbol file
Symbol file data-000001C3EB7E01D0 doesn't match image D:\FACULDADE\Mestrado\6º Ano\TJD\jogo\game_TJD\KnowledgeHunter\Library\ScriptAssemblies\Unity.PlasticSCM.Editor.dll
Symbol file LoadedFromMemory is not a mono symbol file
Symbol file data-000001C3EAF53E20 doesn't match image D:\FACULDADE\Mestrado\6º Ano\TJD\jogo\game_TJD\KnowledgeHunter\Library\ScriptAssemblies\Unity.Rider.Editor.dll
Symbol file LoadedFromMemory is not a mono symbol file
Symbol file data-000001C3EF853220 doesn't match image D:\FACULDADE\Mestrado\6º Ano\TJD\jogo\game_TJD\KnowledgeHunter\Library\ScriptAssemblies\UnityEngine.UI.dll
Symbol file LoadedFromMemory is not a mono symbol file
Native extension for WindowsStandalone target not found
Native extension for WebGL target not found
Refreshing native plugins compatible for Editor in 0.45 ms, found 2 plugins.
Preloading 0 native plugins for Editor in 0.00 ms.
Mono: successfully reloaded assembly
- Completed reload, in  1.786 seconds
Domain Reload Profiling:
	ReloadAssembly (1788ms)
		BeginReloadAssembly (328ms)
			ExecutionOrderSort (0ms)
			DisableScriptedObjects (21ms)
			BackupInstance (0ms)
			ReleaseScriptingObjects (0ms)
			CreateAndSetChildDomain (119ms)
		EndReloadAssembly (1369ms)
			LoadAssemblies (218ms)
			RebuildTransferFunctionScriptingTraits (0ms)
			SetupTypeCache (457ms)
			ReleaseScriptCaches (1ms)
			RebuildScriptCaches (73ms)
			SetupLoadedEditorAssemblies (529ms)
				LogAssemblyErrors (0ms)
				InitializePlatformSupportModulesInManaged (8ms)
				SetLoadedEditorAssemblies (1ms)
				RefreshPlugins (1ms)
				BeforeProcessingInitializeOnLoad (117ms)
				ProcessInitializeOnLoadAttributes (376ms)
				ProcessInitializeOnLoadMethodAttributes (21ms)
				AfterProcessingInitializeOnLoad (4ms)
				EditorAssembliesLoaded (1ms)
			ExecutionOrderSort2 (0ms)
			AwakeInstancesAfterBackupRestoration (13ms)
Platform modules already initialized, skipping
Refreshing native plugins compatible for Editor in 0.59 ms, found 2 plugins.
Preloading 0 native plugins for Editor in 0.00 ms.
Unloading 1743 Unused Serialized files (Serialized files now loaded: 0)
System memory in use before: 100.9 MB.
System memory in use after: 101.0 MB.

Unloading 13 unused Assets to reduce memory usage. Loaded Objects now: 2257.
Total: 5.488100 ms (FindLiveObjects: 0.390200 ms CreateObjectMapping: 0.096500 ms MarkObjects: 4.897700 ms  DeleteObjects: 0.101900 ms)

AssetImportParameters requested are different than current active one (requested -> active):
  custom:framework-win-MediaFoundation: 216162199b28c13a410421893ffa2e32 -> 
  custom:video-decoder-ogg-theora: a1e56fd34408186e4bbccfd4996cb3dc -> 
  custom:container-muxer-webm: aa71ff27fc2769a1b78a27578f13a17b -> 
  custom:container-demuxer-webm: 4f35f7cbe854078d1ac9338744f61a02 -> 
  custom:container-demuxer-ogg: 62fdf1f143b41e24485cea50d1cbac27 -> 
  custom:video-encoder-webm-vp8: eb34c28f22e8b96e1ab97ce403110664 -> 
  custom:video-decoder-webm-vp8: 9c59270c3fd7afecdb556c50c9e8de78 -> 
  custom:audio-decoder-ogg-vorbis: bf7c407c2cedff20999df2af8eb42d56 -> 
  custom:audio-encoder-webm-vorbis: bf7c407c2cedff20999df2af8eb42d56 -> 
========================================================================
Received Import Request.
  Time since last request: 231.938107 seconds.
  path: Assets/Character/Prefabs/Enemy1.prefab
  artifactKey: Guid(2531f17c233c5df4abbd0f9c8c886c7a) Importer(815301076,1909f56bfc062723c751e8b465ee728b)
Start importing Assets/Character/Prefabs/Enemy1.prefab using Guid(2531f17c233c5df4abbd0f9c8c886c7a) Importer(815301076,1909f56bfc062723c751e8b465ee728b)  -> (artifact id: '7d37fbe2c121cc670ea57e534a04c977') in 0.197498 seconds 
========================================================================
Received Import Request.
  Time since last request: 12.414799 seconds.
  path: Assets/Character/Prefabs/Enemy1.prefab
  artifactKey: Guid(2531f17c233c5df4abbd0f9c8c886c7a) Importer(815301076,1909f56bfc062723c751e8b465ee728b)
Start importing Assets/Character/Prefabs/Enemy1.prefab using Guid(2531f17c233c5df4abbd0f9c8c886c7a) Importer(815301076,1909f56bfc062723c751e8b465ee728b)  -> (artifact id: '74e11ddf4d16607d281241a401761498') in 0.070114 seconds 
========================================================================
Received Import Request.
  Time since last request: 25.331129 seconds.
  path: Assets/Character/Prefabs/Enemy1.prefab
  artifactKey: Guid(2531f17c233c5df4abbd0f9c8c886c7a) Importer(815301076,1909f56bfc062723c751e8b465ee728b)
Start importing Assets/Character/Prefabs/Enemy1.prefab using Guid(2531f17c233c5df4abbd0f9c8c886c7a) Importer(815301076,1909f56bfc062723c751e8b465ee728b)  -> (artifact id: '060699f8fa25329bd94b68ed0d395dd3') in 0.035110 seconds 
========================================================================
Received Import Request.
  Time since last request: 6.876672 seconds.
  path: Assets/Character/Prefabs/Enemy1.prefab
  artifactKey: Guid(2531f17c233c5df4abbd0f9c8c886c7a) Importer(815301076,1909f56bfc062723c751e8b465ee728b)
Start importing Assets/Character/Prefabs/Enemy1.prefab using Guid(2531f17c233c5df4abbd0f9c8c886c7a) Importer(815301076,1909f56bfc062723c751e8b465ee728b)  -> (artifact id: 'bba8a5fa61bc69c8dfd143c41ff7d901') in 0.050583 seconds 
========================================================================
Received Import Request.
  Time since last request: 34.819214 seconds.
  path: Assets/Character/Prefabs/Enemy1 (1).prefab
  artifactKey: Guid(681e137b24f0fb8438ff52d2f190a072) Importer(815301076,1909f56bfc062723c751e8b465ee728b)
Start importing Assets/Character/Prefabs/Enemy1 (1).prefab using Guid(681e137b24f0fb8438ff52d2f190a072) Importer(815301076,1909f56bfc062723c751e8b465ee728b)  -> (artifact id: '0d61e9132ae18ed7d795dedb5b1fa28a') in 0.073917 seconds 
========================================================================
Received Import Request.
  Time since last request: 6.207228 seconds.
  path: Assets/Character/Prefabs/Enemy1 (1).prefab
  artifactKey: Guid(681e137b24f0fb8438ff52d2f190a072) Importer(815301076,1909f56bfc062723c751e8b465ee728b)
Start importing Assets/Character/Prefabs/Enemy1 (1).prefab using Guid(681e137b24f0fb8438ff52d2f190a072) Importer(815301076,1909f56bfc062723c751e8b465ee728b)  -> (artifact id: '310573d5a39d5503ebb1536f4210a6f7') in 0.073262 seconds 
========================================================================
Received Import Request.
  Time since last request: 17.668520 seconds.
  path: Assets/Character/Prefabs/Enemy1 (1).prefab
  artifactKey: Guid(681e137b24f0fb8438ff52d2f190a072) Importer(815301076,1909f56bfc062723c751e8b465ee728b)
Start importing Assets/Character/Prefabs/Enemy1 (1).prefab using Guid(681e137b24f0fb8438ff52d2f190a072) Importer(815301076,1909f56bfc062723c751e8b465ee728b)  -> (artifact id: '788f66bfd1a8958c36461bde5ba03b47') in 0.148013 seconds 
========================================================================
Received Import Request.
  Time since last request: 6.023385 seconds.
  path: Assets/Character/Prefabs/Enemy2.prefab
  artifactKey: Guid(681e137b24f0fb8438ff52d2f190a072) Importer(815301076,1909f56bfc062723c751e8b465ee728b)
Start importing Assets/Character/Prefabs/Enemy2.prefab using Guid(681e137b24f0fb8438ff52d2f190a072) Importer(815301076,1909f56bfc062723c751e8b465ee728b)  -> (artifact id: 'e6fc518cea206db88c61123ba5380643') in 0.182864 seconds 
========================================================================
Received Import Request.
  Time since last request: 25.340991 seconds.
  path: Assets/Character/Prefabs/Enemy3.prefab
  artifactKey: Guid(99f5fbd8ae211104c921666580b79fd7) Importer(815301076,1909f56bfc062723c751e8b465ee728b)
Start importing Assets/Character/Prefabs/Enemy3.prefab using Guid(99f5fbd8ae211104c921666580b79fd7) Importer(815301076,1909f56bfc062723c751e8b465ee728b)  -> (artifact id: '70822726cc1c53a8cc37fd3f34696814') in 0.084430 seconds 
========================================================================
Received Import Request.
  Time since last request: 2771.729653 seconds.
  path: Assets/Character/Prefabs/Enemy3.prefab
  artifactKey: Guid(99f5fbd8ae211104c921666580b79fd7) Importer(815301076,1909f56bfc062723c751e8b465ee728b)
Start importing Assets/Character/Prefabs/Enemy3.prefab using Guid(99f5fbd8ae211104c921666580b79fd7) Importer(815301076,1909f56bfc062723c751e8b465ee728b)  -> (artifact id: '6ee121ce230b69a94da008c2d25a953f') in 0.209203 seconds 
========================================================================
Received Import Request.
  Time since last request: 4.222656 seconds.
  path: Assets/Character/Prefabs/Enemy4.prefab
  artifactKey: Guid(854aea6b50c899b43885594692de861a) Importer(815301076,1909f56bfc062723c751e8b465ee728b)
Start importing Assets/Character/Prefabs/Enemy4.prefab using Guid(854aea6b50c899b43885594692de861a) Importer(815301076,1909f56bfc062723c751e8b465ee728b)  -> (artifact id: '40083b33ef36ec9450e67f30d2bc0b47') in 0.147416 seconds 
========================================================================
Received Import Request.
  Time since last request: 2.667340 seconds.
  path: Assets/Character/Prefabs/Enemy5.prefab
  artifactKey: Guid(c0d72da0ee43d274585da746ecaf287c) Importer(815301076,1909f56bfc062723c751e8b465ee728b)
Start importing Assets/Character/Prefabs/Enemy5.prefab using Guid(c0d72da0ee43d274585da746ecaf287c) Importer(815301076,1909f56bfc062723c751e8b465ee728b)  -> (artifact id: '31539e767fa16b3e44aa7cd45ab1a622') in 0.050704 seconds 
========================================================================
Received Import Request.
  Time since last request: 6.008304 seconds.
  path: Assets/Character/Prefabs/Enemy4.prefab
  artifactKey: Guid(854aea6b50c899b43885594692de861a) Importer(815301076,1909f56bfc062723c751e8b465ee728b)
Start importing Assets/Character/Prefabs/Enemy4.prefab using Guid(854aea6b50c899b43885594692de861a) Importer(815301076,1909f56bfc062723c751e8b465ee728b)  -> (artifact id: 'fea6075e713166ca427498e11ca018f6') in 0.112457 seconds 
========================================================================
Received Import Request.
  Time since last request: 1.427621 seconds.
  path: Assets/Character/Prefabs/Enemy5.prefab
  artifactKey: Guid(c0d72da0ee43d274585da746ecaf287c) Importer(815301076,1909f56bfc062723c751e8b465ee728b)
Start importing Assets/Character/Prefabs/Enemy5.prefab using Guid(c0d72da0ee43d274585da746ecaf287c) Importer(815301076,1909f56bfc062723c751e8b465ee728b)  -> (artifact id: '5eea6cd29ad86d29122e0ebe0f085469') in 0.064576 seconds 
========================================================================
Received Import Request.
  Time since last request: 22.223527 seconds.
  path: Assets/Character/Prefabs/Enemy4.prefab
  artifactKey: Guid(854aea6b50c899b43885594692de861a) Importer(815301076,1909f56bfc062723c751e8b465ee728b)
Start importing Assets/Character/Prefabs/Enemy4.prefab using Guid(854aea6b50c899b43885594692de861a) Importer(815301076,1909f56bfc062723c751e8b465ee728b)  -> (artifact id: '8fdb3ba134fa061d4c6fedb2db14b09d') in 0.612101 seconds 
========================================================================
Received Import Request.
  Time since last request: 27.215762 seconds.
  path: Assets/Character/Prefabs/Enemy5.prefab
  artifactKey: Guid(c0d72da0ee43d274585da746ecaf287c) Importer(815301076,1909f56bfc062723c751e8b465ee728b)
Start importing Assets/Character/Prefabs/Enemy5.prefab using Guid(c0d72da0ee43d274585da746ecaf287c) Importer(815301076,1909f56bfc062723c751e8b465ee728b)  -> (artifact id: 'a2748052d8e11a31fd32657c60a88324') in 0.137301 seconds 
========================================================================
Received Import Request.
  Time since last request: 0.000486 seconds.
  path: Assets/Character/Prefabs/Enemy6.prefab
  artifactKey: Guid(602e6624b5935d04f8a2805cbe9468db) Importer(815301076,1909f56bfc062723c751e8b465ee728b)
Start importing Assets/Character/Prefabs/Enemy6.prefab using Guid(602e6624b5935d04f8a2805cbe9468db) Importer(815301076,1909f56bfc062723c751e8b465ee728b)  -> (artifact id: '507497e58d9e174d9bb8c3d001fdc4f1') in 0.047119 seconds 
========================================================================
Received Import Request.
  Time since last request: 2.327412 seconds.
  path: Assets/Character/Prefabs/Enemy6.prefab
  artifactKey: Guid(602e6624b5935d04f8a2805cbe9468db) Importer(815301076,1909f56bfc062723c751e8b465ee728b)
Start importing Assets/Character/Prefabs/Enemy6.prefab using Guid(602e6624b5935d04f8a2805cbe9468db) Importer(815301076,1909f56bfc062723c751e8b465ee728b)  -> (artifact id: 'ce4c42bbcef3de4c50c3d78e6d7d711a') in 0.064659 seconds 
========================================================================
Received Import Request.
  Time since last request: 39.765248 seconds.
  path: Assets/Character/Prefabs/Enemy6.prefab
  artifactKey: Guid(602e6624b5935d04f8a2805cbe9468db) Importer(815301076,1909f56bfc062723c751e8b465ee728b)
Start importing Assets/Character/Prefabs/Enemy6.prefab using Guid(602e6624b5935d04f8a2805cbe9468db) Importer(815301076,1909f56bfc062723c751e8b465ee728b)  -> (artifact id: '5b95c398f051da915c25b97c20297820') in 0.073681 seconds 
========================================================================
Received Import Request.
  Time since last request: 11.926112 seconds.
  path: Assets/Character/Prefabs/Enemy1.prefab
  artifactKey: Guid(2531f17c233c5df4abbd0f9c8c886c7a) Importer(815301076,1909f56bfc062723c751e8b465ee728b)
Start importing Assets/Character/Prefabs/Enemy1.prefab using Guid(2531f17c233c5df4abbd0f9c8c886c7a) Importer(815301076,1909f56bfc062723c751e8b465ee728b)  -> (artifact id: '0a9d1d89e39a42731cbda8e37f566773') in 0.611699 seconds 
========================================================================
Received Import Request.
  Time since last request: 18.996495 seconds.
  path: Assets/Character/Prefabs/Enemy1.prefab
  artifactKey: Guid(2531f17c233c5df4abbd0f9c8c886c7a) Importer(815301076,1909f56bfc062723c751e8b465ee728b)
Start importing Assets/Character/Prefabs/Enemy1.prefab using Guid(2531f17c233c5df4abbd0f9c8c886c7a) Importer(815301076,1909f56bfc062723c751e8b465ee728b)  -> (artifact id: 'b5112ec9157c903d7c6e4cd2d00835ec') in 0.141862 seconds 
========================================================================
Received Import Request.
  Time since last request: 9.192465 seconds.
  path: Assets/Character/Prefabs/Enemy1.prefab
  artifactKey: Guid(2531f17c233c5df4abbd0f9c8c886c7a) Importer(815301076,1909f56bfc062723c751e8b465ee728b)
Start importing Assets/Character/Prefabs/Enemy1.prefab using Guid(2531f17c233c5df4abbd0f9c8c886c7a) Importer(815301076,1909f56bfc062723c751e8b465ee728b)  -> (artifact id: 'c72589d687a6d925e62d36f618d7cbdc') in 0.140224 seconds 
========================================================================
Received Import Request.
  Time since last request: 5.631810 seconds.
  path: Assets/Character/Prefabs/Enemy2.prefab
  artifactKey: Guid(681e137b24f0fb8438ff52d2f190a072) Importer(815301076,1909f56bfc062723c751e8b465ee728b)
Start importing Assets/Character/Prefabs/Enemy2.prefab using Guid(681e137b24f0fb8438ff52d2f190a072) Importer(815301076,1909f56bfc062723c751e8b465ee728b)  -> (artifact id: '6455e425e8066edbaed3bb9674f1bd8b') in 0.127920 seconds 
========================================================================
Received Import Request.
  Time since last request: 6.028553 seconds.
  path: Assets/Character/Prefabs/Enemy3.prefab
  artifactKey: Guid(99f5fbd8ae211104c921666580b79fd7) Importer(815301076,1909f56bfc062723c751e8b465ee728b)
Start importing Assets/Character/Prefabs/Enemy3.prefab using Guid(99f5fbd8ae211104c921666580b79fd7) Importer(815301076,1909f56bfc062723c751e8b465ee728b)  -> (artifact id: '929ae1d1ba4b3140adee0c8127cc8dc8') in 0.021784 seconds 
========================================================================
Received Import Request.
  Time since last request: 16.082061 seconds.
  path: Assets/Character/Prefabs/Enemy3.prefab
  artifactKey: Guid(99f5fbd8ae211104c921666580b79fd7) Importer(815301076,1909f56bfc062723c751e8b465ee728b)
Start importing Assets/Character/Prefabs/Enemy3.prefab using Guid(99f5fbd8ae211104c921666580b79fd7) Importer(815301076,1909f56bfc062723c751e8b465ee728b)  -> (artifact id: '19d17d671136f23c8904d80aa692fd8d') in 0.061687 seconds 
========================================================================
Received Import Request.
  Time since last request: 4.139704 seconds.
  path: Assets/Character/Prefabs/Enemy4.prefab
  artifactKey: Guid(854aea6b50c899b43885594692de861a) Importer(815301076,1909f56bfc062723c751e8b465ee728b)
Start importing Assets/Character/Prefabs/Enemy4.prefab using Guid(854aea6b50c899b43885594692de861a) Importer(815301076,1909f56bfc062723c751e8b465ee728b)  -> (artifact id: 'ba2d8ea47252b110eaa2adf23c1ca31b') in 0.065700 seconds 
========================================================================
Received Import Request.
  Time since last request: 4.436340 seconds.
  path: Assets/Character/Prefabs/Enemy5.prefab
  artifactKey: Guid(c0d72da0ee43d274585da746ecaf287c) Importer(815301076,1909f56bfc062723c751e8b465ee728b)
Start importing Assets/Character/Prefabs/Enemy5.prefab using Guid(c0d72da0ee43d274585da746ecaf287c) Importer(815301076,1909f56bfc062723c751e8b465ee728b)  -> (artifact id: '92646522bbe4a541b8b83ab9da86e2b2') in 0.106161 seconds 
========================================================================
Received Import Request.
  Time since last request: 3.747424 seconds.
  path: Assets/Character/Prefabs/Enemy6.prefab
  artifactKey: Guid(602e6624b5935d04f8a2805cbe9468db) Importer(815301076,1909f56bfc062723c751e8b465ee728b)
Start importing Assets/Character/Prefabs/Enemy6.prefab using Guid(602e6624b5935d04f8a2805cbe9468db) Importer(815301076,1909f56bfc062723c751e8b465ee728b)  -> (artifact id: '0fa98809bf06dd6f8ca5161328a6890d') in 0.129074 seconds 
========================================================================
Received Prepare
Registering precompiled user dll's ...
Registered in 0.004343 seconds.
Begin MonoManager ReloadAssembly
Symbol file data-000001C3F3CFDAC0 doesn't match image D:\FACULDADE\Mestrado\6º Ano\TJD\jogo\game_TJD\KnowledgeHunter\Library\ScriptAssemblies\Unity.Services.Core.Editor.dll
Symbol file LoadedFromMemory is not a mono symbol file
Symbol file data-000001C3EF0C9010 doesn't match image D:\FACULDADE\Mestrado\6º Ano\TJD\jogo\game_TJD\KnowledgeHunter\Library\ScriptAssemblies\Cinemachine.dll
Symbol file LoadedFromMemory is not a mono symbol file
Symbol file data-000001C3F41AF030 doesn't match image D:\FACULDADE\Mestrado\6º Ano\TJD\jogo\game_TJD\KnowledgeHunter\Library\ScriptAssemblies\Unity.VSCode.Editor.dll
Symbol file LoadedFromMemory is not a mono symbol file
Symbol file data-000001C3F2FE8020 doesn't match image D:\FACULDADE\Mestrado\6º Ano\TJD\jogo\game_TJD\KnowledgeHunter\Library\ScriptAssemblies\com.unity.cinemachine.editor.dll
Symbol file LoadedFromMemory is not a mono symbol file
Symbol file data-000001C3F2FE8020 doesn't match image D:\FACULDADE\Mestrado\6º Ano\TJD\jogo\game_TJD\KnowledgeHunter\Library\ScriptAssemblies\Unity.TextMeshPro.Editor.dll
Symbol file LoadedFromMemory is not a mono symbol file
Symbol file data-000001C3F3CEB030 doesn't match image D:\FACULDADE\Mestrado\6º Ano\TJD\jogo\game_TJD\KnowledgeHunter\Library\ScriptAssemblies\Unity.VisualStudio.Editor.dll
Symbol file LoadedFromMemory is not a mono symbol file
Symbol file data-000001C3F2FE8020 doesn't match image D:\FACULDADE\Mestrado\6º Ano\TJD\jogo\game_TJD\KnowledgeHunter\Library\ScriptAssemblies\UnityEngine.TestRunner.dll
Symbol file LoadedFromMemory is not a mono symbol file
Symbol file data-000001C3EF995010 doesn't match image D:\FACULDADE\Mestrado\6º Ano\TJD\jogo\game_TJD\KnowledgeHunter\Library\ScriptAssemblies\Unity.Timeline.Editor.dll
Symbol file LoadedFromMemory is not a mono symbol file
Symbol file data-000001C3F2FE8020 doesn't match image D:\FACULDADE\Mestrado\6º Ano\TJD\jogo\game_TJD\KnowledgeHunter\Library\ScriptAssemblies\Unity.Timeline.dll
Symbol file LoadedFromMemory is not a mono symbol file
Symbol file data-000001C3F3B77DF0 doesn't match image D:\FACULDADE\Mestrado\6º Ano\TJD\jogo\game_TJD\KnowledgeHunter\Library\ScriptAssemblies\Unity.TextMeshPro.dll
Symbol file LoadedFromMemory is not a mono symbol file
Symbol file data-000001C3F2FE8020 doesn't match image D:\FACULDADE\Mestrado\6º Ano\TJD\jogo\game_TJD\KnowledgeHunter\Library\ScriptAssemblies\Unity.CollabProxy.Editor.dll
Symbol file LoadedFromMemory is not a mono symbol file
Symbol file data-000001C3F2180080 doesn't match image D:\FACULDADE\Mestrado\6º Ano\TJD\jogo\game_TJD\KnowledgeHunter\Library\ScriptAssemblies\UnityEditor.TestRunner.dll
Symbol file LoadedFromMemory is not a mono symbol file
Symbol file data-000001C3F2FE8020 doesn't match image D:\FACULDADE\Mestrado\6º Ano\TJD\jogo\game_TJD\KnowledgeHunter\Library\ScriptAssemblies\Unity.2D.Sprite.Editor.dll
Symbol file LoadedFromMemory is not a mono symbol file
Symbol file data-000001C3F3CEB030 doesn't match image D:\FACULDADE\Mestrado\6º Ano\TJD\jogo\game_TJD\KnowledgeHunter\Library\ScriptAssemblies\UnityEditor.UI.dll
Symbol file LoadedFromMemory is not a mono symbol file
Symbol file data-000001C3F3C4B160 doesn't match image D:\FACULDADE\Mestrado\6º Ano\TJD\jogo\game_TJD\KnowledgeHunter\Library\ScriptAssemblies\Unity.PlasticSCM.Editor.dll
Symbol file LoadedFromMemory is not a mono symbol file
Symbol file data-000001C3F3CFDAC0 doesn't match image D:\FACULDADE\Mestrado\6º Ano\TJD\jogo\game_TJD\KnowledgeHunter\Library\ScriptAssemblies\Unity.Rider.Editor.dll
Symbol file LoadedFromMemory is not a mono symbol file
Symbol file data-000001C3EB502020 doesn't match image D:\FACULDADE\Mestrado\6º Ano\TJD\jogo\game_TJD\KnowledgeHunter\Library\ScriptAssemblies\UnityEngine.UI.dll
Symbol file LoadedFromMemory is not a mono symbol file
Native extension for WindowsStandalone target not found
Native extension for WebGL target not found
Refreshing native plugins compatible for Editor in 0.57 ms, found 2 plugins.
Preloading 0 native plugins for Editor in 0.00 ms.
Mono: successfully reloaded assembly
- Completed reload, in  3.603 seconds
Domain Reload Profiling:
	ReloadAssembly (3604ms)
		BeginReloadAssembly (762ms)
			ExecutionOrderSort (0ms)
			DisableScriptedObjects (17ms)
			BackupInstance (0ms)
			ReleaseScriptingObjects (0ms)
			CreateAndSetChildDomain (103ms)
		EndReloadAssembly (2614ms)
			LoadAssemblies (734ms)
			RebuildTransferFunctionScriptingTraits (0ms)
			SetupTypeCache (1255ms)
			ReleaseScriptCaches (2ms)
			RebuildScriptCaches (134ms)
			SetupLoadedEditorAssemblies (729ms)
				LogAssemblyErrors (0ms)
				InitializePlatformSupportModulesInManaged (14ms)
				SetLoadedEditorAssemblies (1ms)
				RefreshPlugins (1ms)
				BeforeProcessingInitializeOnLoad (169ms)
				ProcessInitializeOnLoadAttributes (520ms)
				ProcessInitializeOnLoadMethodAttributes (19ms)
				AfterProcessingInitializeOnLoad (5ms)
				EditorAssembliesLoaded (0ms)
			ExecutionOrderSort2 (0ms)
			AwakeInstancesAfterBackupRestoration (17ms)
Platform modules already initialized, skipping
Refreshing native plugins compatible for Editor in 0.93 ms, found 2 plugins.
Preloading 0 native plugins for Editor in 0.00 ms.
Unloading 1743 Unused Serialized files (Serialized files now loaded: 0)
System memory in use before: 101.6 MB.
System memory in use after: 101.7 MB.

Unloading 12 unused Assets to reduce memory usage. Loaded Objects now: 2260.
Total: 6.701900 ms (FindLiveObjects: 0.299700 ms CreateObjectMapping: 0.069000 ms MarkObjects: 6.255900 ms  DeleteObjects: 0.075700 ms)

AssetImportParameters requested are different than current active one (requested -> active):
  custom:framework-win-MediaFoundation: 216162199b28c13a410421893ffa2e32 -> 
  custom:video-decoder-ogg-theora: a1e56fd34408186e4bbccfd4996cb3dc -> 
  custom:container-muxer-webm: aa71ff27fc2769a1b78a27578f13a17b -> 
  custom:container-demuxer-webm: 4f35f7cbe854078d1ac9338744f61a02 -> 
  custom:container-demuxer-ogg: 62fdf1f143b41e24485cea50d1cbac27 -> 
  custom:video-encoder-webm-vp8: eb34c28f22e8b96e1ab97ce403110664 -> 
  custom:video-decoder-webm-vp8: 9c59270c3fd7afecdb556c50c9e8de78 -> 
  custom:audio-decoder-ogg-vorbis: bf7c407c2cedff20999df2af8eb42d56 -> 
  custom:audio-encoder-webm-vorbis: bf7c407c2cedff20999df2af8eb42d56 -> 
AssetImportWorkerClient::OnTransportError - code=2 error=End of file
