Using pre-set license
Built from '2020.3/staging' branch; Version is '2020.3.30f1 (1fb1bf06830e) revision 2077119'; Using compiler version '192528614'; Build Type 'Release'
OS: 'Windows 10  (10.0.19044) 64bit Core' Language: 'pt' Physical Memory: 8088 MB
BatchMode: 1, IsHumanControllingUs: 0, StartBugReporterOnCrash: 0, Is64bit: 1, IsPro: 0

COMMAND LINE ARGUMENTS:
D:\Program Files (x86)\2020.3.30f1\Editor\Unity.exe
-adb2
-batchMode
-noUpm
-name
AssetImportWorker1
-projectPath
D:/FACULDADE/Mestrado/6º Ano/TJD/jogo/game_TJD/KnowledgeHunter
-logFile
Logs/AssetImportWorker1.log
-srvPort
62791
Successfully changed project path to: D:/FACULDADE/Mestrado/6º Ano/TJD/jogo/game_TJD/KnowledgeHunter
D:/FACULDADE/Mestrado/6º Ano/TJD/jogo/game_TJD/KnowledgeHunter
Using Asset Import Pipeline V2.
Refreshing native plugins compatible for Editor in 50.14 ms, found 2 plugins.
Preloading 0 native plugins for Editor in 0.00 ms.
Initialize engine version: 2020.3.30f1 (1fb1bf06830e)
[Subsystems] Discovering subsystems at path D:/Program Files (x86)/2020.3.30f1/Editor/Data/Resources/UnitySubsystems
[Subsystems] Discovering subsystems at path D:/FACULDADE/Mestrado/6º Ano/TJD/jogo/game_TJD/KnowledgeHunter/Assets
GfxDevice: creating device client; threaded=0
Direct3D:
    Version:  Direct3D 11.0 [level 11.0]
    Renderer: NVIDIA GeForce GTX 950M (ID=0x139a)
    Vendor:   
    VRAM:     4055 MB
    Driver:   30.0.15.1259
Initialize mono
Mono path[0] = 'D:/Program Files (x86)/2020.3.30f1/Editor/Data/Managed'
Mono path[1] = 'D:/Program Files (x86)/2020.3.30f1/Editor/Data/MonoBleedingEdge/lib/mono/unityjit'
Mono config path = 'D:/Program Files (x86)/2020.3.30f1/Editor/Data/MonoBleedingEdge/etc'
Using monoOptions --debugger-agent=transport=dt_socket,embedding=1,server=y,suspend=n,address=127.0.0.1:56720
Begin MonoManager ReloadAssembly
Registering precompiled unity dll's ...
Register platform support module: D:/Program Files (x86)/2020.3.30f1/Editor/Data/PlaybackEngines/WebGLSupport/UnityEditor.WebGL.Extensions.dll
Register platform support module: D:/Program Files (x86)/2020.3.30f1/Editor/Data/PlaybackEngines/WindowsStandaloneSupport/UnityEditor.WindowsStandalone.Extensions.dll
Registered in 0.003006 seconds.
Native extension for WindowsStandalone target not found
Native extension for WebGL target not found
Refreshing native plugins compatible for Editor in 46.24 ms, found 2 plugins.
Preloading 0 native plugins for Editor in 0.00 ms.
Unable to find bridge dll in registry for Microsoft Visual Studio Tools for Unity for C:\Program Files (x86)\Microsoft Visual Studio\2019\Community\Common7\IDE\devenv.exe
Mono: successfully reloaded assembly
- Completed reload, in  0.847 seconds
Domain Reload Profiling:
	ReloadAssembly (848ms)
		BeginReloadAssembly (121ms)
			ExecutionOrderSort (0ms)
			DisableScriptedObjects (0ms)
			BackupInstance (0ms)
			ReleaseScriptingObjects (0ms)
			CreateAndSetChildDomain (2ms)
		EndReloadAssembly (628ms)
			LoadAssemblies (121ms)
			RebuildTransferFunctionScriptingTraits (0ms)
			SetupTypeCache (216ms)
			ReleaseScriptCaches (0ms)
			RebuildScriptCaches (42ms)
			SetupLoadedEditorAssemblies (227ms)
				LogAssemblyErrors (0ms)
				InitializePlatformSupportModulesInManaged (7ms)
				SetLoadedEditorAssemblies (0ms)
				RefreshPlugins (46ms)
				BeforeProcessingInitializeOnLoad (19ms)
				ProcessInitializeOnLoadAttributes (115ms)
				ProcessInitializeOnLoadMethodAttributes (39ms)
				AfterProcessingInitializeOnLoad (0ms)
				EditorAssembliesLoaded (0ms)
			ExecutionOrderSort2 (0ms)
			AwakeInstancesAfterBackupRestoration (0ms)
Platform modules already initialized, skipping
Registering precompiled user dll's ...
Registered in 0.004499 seconds.
Begin MonoManager ReloadAssembly
Symbol file data-000001C974C11590 doesn't match image D:\FACULDADE\Mestrado\6º Ano\TJD\jogo\game_TJD\KnowledgeHunter\Library\ScriptAssemblies\Unity.Services.Core.Editor.dll
Symbol file LoadedFromMemory is not a mono symbol file
Symbol file data-000001C978D71E40 doesn't match image D:\FACULDADE\Mestrado\6º Ano\TJD\jogo\game_TJD\KnowledgeHunter\Library\ScriptAssemblies\Cinemachine.dll
Symbol file LoadedFromMemory is not a mono symbol file
Symbol file data-000001C974BE7290 doesn't match image D:\FACULDADE\Mestrado\6º Ano\TJD\jogo\game_TJD\KnowledgeHunter\Library\ScriptAssemblies\Unity.VSCode.Editor.dll
Symbol file LoadedFromMemory is not a mono symbol file
Symbol file data-000001C979504220 doesn't match image D:\FACULDADE\Mestrado\6º Ano\TJD\jogo\game_TJD\KnowledgeHunter\Library\ScriptAssemblies\com.unity.cinemachine.editor.dll
Symbol file LoadedFromMemory is not a mono symbol file
Symbol file data-000001C979504220 doesn't match image D:\FACULDADE\Mestrado\6º Ano\TJD\jogo\game_TJD\KnowledgeHunter\Library\ScriptAssemblies\Unity.TextMeshPro.Editor.dll
Symbol file LoadedFromMemory is not a mono symbol file
Symbol file data-000001C974C11590 doesn't match image D:\FACULDADE\Mestrado\6º Ano\TJD\jogo\game_TJD\KnowledgeHunter\Library\ScriptAssemblies\Unity.VisualStudio.Editor.dll
Symbol file LoadedFromMemory is not a mono symbol file
Symbol file data-000001C979CD5220 doesn't match image D:\FACULDADE\Mestrado\6º Ano\TJD\jogo\game_TJD\KnowledgeHunter\Library\ScriptAssemblies\UnityEngine.TestRunner.dll
Symbol file LoadedFromMemory is not a mono symbol file
Symbol file data-000001C9790A6020 doesn't match image D:\FACULDADE\Mestrado\6º Ano\TJD\jogo\game_TJD\KnowledgeHunter\Library\ScriptAssemblies\Unity.Timeline.Editor.dll
Symbol file LoadedFromMemory is not a mono symbol file
Symbol file data-000001C979504220 doesn't match image D:\FACULDADE\Mestrado\6º Ano\TJD\jogo\game_TJD\KnowledgeHunter\Library\ScriptAssemblies\Unity.Timeline.dll
Symbol file LoadedFromMemory is not a mono symbol file
Symbol file data-000001C9790A6020 doesn't match image D:\FACULDADE\Mestrado\6º Ano\TJD\jogo\game_TJD\KnowledgeHunter\Library\ScriptAssemblies\Unity.TextMeshPro.dll
Symbol file LoadedFromMemory is not a mono symbol file
Symbol file data-000001C979CD5220 doesn't match image D:\FACULDADE\Mestrado\6º Ano\TJD\jogo\game_TJD\KnowledgeHunter\Library\ScriptAssemblies\Unity.CollabProxy.Editor.dll
Symbol file LoadedFromMemory is not a mono symbol file
Symbol file data-000001C979504220 doesn't match image D:\FACULDADE\Mestrado\6º Ano\TJD\jogo\game_TJD\KnowledgeHunter\Library\ScriptAssemblies\UnityEditor.TestRunner.dll
Symbol file LoadedFromMemory is not a mono symbol file
Symbol file data-000001C974C11590 doesn't match image D:\FACULDADE\Mestrado\6º Ano\TJD\jogo\game_TJD\KnowledgeHunter\Library\ScriptAssemblies\UnityEditor.UI.dll
Symbol file LoadedFromMemory is not a mono symbol file
Symbol file data-000001C978876020 doesn't match image D:\FACULDADE\Mestrado\6º Ano\TJD\jogo\game_TJD\KnowledgeHunter\Library\ScriptAssemblies\Unity.PlasticSCM.Editor.dll
Symbol file LoadedFromMemory is not a mono symbol file
Symbol file data-000001C974C11590 doesn't match image D:\FACULDADE\Mestrado\6º Ano\TJD\jogo\game_TJD\KnowledgeHunter\Library\ScriptAssemblies\Unity.Rider.Editor.dll
Symbol file LoadedFromMemory is not a mono symbol file
Symbol file data-000001C9790CE630 doesn't match image D:\FACULDADE\Mestrado\6º Ano\TJD\jogo\game_TJD\KnowledgeHunter\Library\ScriptAssemblies\UnityEngine.UI.dll
Symbol file LoadedFromMemory is not a mono symbol file
Native extension for WindowsStandalone target not found
Native extension for WebGL target not found
Refreshing native plugins compatible for Editor in 0.43 ms, found 2 plugins.
Preloading 0 native plugins for Editor in 0.00 ms.
Mono: successfully reloaded assembly
- Completed reload, in  2.756 seconds
Domain Reload Profiling:
	ReloadAssembly (2757ms)
		BeginReloadAssembly (268ms)
			ExecutionOrderSort (0ms)
			DisableScriptedObjects (7ms)
			BackupInstance (0ms)
			ReleaseScriptingObjects (0ms)
			CreateAndSetChildDomain (25ms)
		EndReloadAssembly (2389ms)
			LoadAssemblies (1246ms)
			RebuildTransferFunctionScriptingTraits (0ms)
			SetupTypeCache (391ms)
			ReleaseScriptCaches (1ms)
			RebuildScriptCaches (70ms)
			SetupLoadedEditorAssemblies (598ms)
				LogAssemblyErrors (0ms)
				InitializePlatformSupportModulesInManaged (7ms)
				SetLoadedEditorAssemblies (1ms)
				RefreshPlugins (1ms)
				BeforeProcessingInitializeOnLoad (104ms)
				ProcessInitializeOnLoadAttributes (317ms)
				ProcessInitializeOnLoadMethodAttributes (162ms)
				AfterProcessingInitializeOnLoad (6ms)
				EditorAssembliesLoaded (0ms)
			ExecutionOrderSort2 (0ms)
			AwakeInstancesAfterBackupRestoration (11ms)
Platform modules already initialized, skipping
========================================================================
Worker process is ready to serve import requests
Launched and connected shader compiler UnityShaderCompiler.exe after 0.30 seconds
Refreshing native plugins compatible for Editor in 1.53 ms, found 2 plugins.
Preloading 0 native plugins for Editor in 0.00 ms.
Unloading 1713 Unused Serialized files (Serialized files now loaded: 0)
System memory in use before: 77.3 MB.
System memory in use after: 77.3 MB.

Unloading 17 unused Assets to reduce memory usage. Loaded Objects now: 2149.
Total: 3.525700 ms (FindLiveObjects: 0.148800 ms CreateObjectMapping: 0.070000 ms MarkObjects: 3.082900 ms  DeleteObjects: 0.223200 ms)

AssetImportParameters requested are different than current active one (requested -> active):
  custom:framework-win-MediaFoundation: 216162199b28c13a410421893ffa2e32 -> 
  custom:video-decoder-ogg-theora: a1e56fd34408186e4bbccfd4996cb3dc -> 
  custom:container-muxer-webm: aa71ff27fc2769a1b78a27578f13a17b -> 
  custom:container-demuxer-webm: 4f35f7cbe854078d1ac9338744f61a02 -> 
  custom:container-demuxer-ogg: 62fdf1f143b41e24485cea50d1cbac27 -> 
  custom:video-encoder-webm-vp8: eb34c28f22e8b96e1ab97ce403110664 -> 
  custom:video-decoder-webm-vp8: 9c59270c3fd7afecdb556c50c9e8de78 -> 
  custom:audio-decoder-ogg-vorbis: bf7c407c2cedff20999df2af8eb42d56 -> 
  custom:audio-encoder-webm-vorbis: bf7c407c2cedff20999df2af8eb42d56 -> 
========================================================================
Received Import Request.
  path: Assets/chest.mat
  artifactKey: Guid(b5fd202422e176845b65605ab5442500) Importer(815301076,1909f56bfc062723c751e8b465ee728b)
Start importing Assets/chest.mat using Guid(b5fd202422e176845b65605ab5442500) Importer(815301076,1909f56bfc062723c751e8b465ee728b)  -> (artifact id: '80c1ccb199bdf1a78da8e44fd612517d') in 1.189269 seconds 
========================================================================
Received Prepare
Registering precompiled user dll's ...
Registered in 0.010364 seconds.
Begin MonoManager ReloadAssembly
Symbol file data-000001C979EC9020 doesn't match image D:\FACULDADE\Mestrado\6º Ano\TJD\jogo\game_TJD\KnowledgeHunter\Library\ScriptAssemblies\Unity.Services.Core.Editor.dll
Symbol file LoadedFromMemory is not a mono symbol file
Symbol file data-000001C974BD5480 doesn't match image D:\FACULDADE\Mestrado\6º Ano\TJD\jogo\game_TJD\KnowledgeHunter\Library\ScriptAssemblies\Cinemachine.dll
Symbol file LoadedFromMemory is not a mono symbol file
Symbol file data-000001C9748C11B0 doesn't match image D:\FACULDADE\Mestrado\6º Ano\TJD\jogo\game_TJD\KnowledgeHunter\Library\ScriptAssemblies\Unity.VSCode.Editor.dll
Symbol file LoadedFromMemory is not a mono symbol file
Symbol file data-000001C97D4D0030 doesn't match image D:\FACULDADE\Mestrado\6º Ano\TJD\jogo\game_TJD\KnowledgeHunter\Library\ScriptAssemblies\com.unity.cinemachine.editor.dll
Symbol file LoadedFromMemory is not a mono symbol file
Symbol file data-000001C97D4D0030 doesn't match image D:\FACULDADE\Mestrado\6º Ano\TJD\jogo\game_TJD\KnowledgeHunter\Library\ScriptAssemblies\Unity.TextMeshPro.Editor.dll
Symbol file LoadedFromMemory is not a mono symbol file
Symbol file data-000001C979625010 doesn't match image D:\FACULDADE\Mestrado\6º Ano\TJD\jogo\game_TJD\KnowledgeHunter\Library\ScriptAssemblies\Unity.VisualStudio.Editor.dll
Symbol file LoadedFromMemory is not a mono symbol file
Symbol file data-000001C97C274D70 doesn't match image D:\FACULDADE\Mestrado\6º Ano\TJD\jogo\game_TJD\KnowledgeHunter\Library\ScriptAssemblies\UnityEngine.TestRunner.dll
Symbol file LoadedFromMemory is not a mono symbol file
Symbol file data-000001C9787CE410 doesn't match image D:\FACULDADE\Mestrado\6º Ano\TJD\jogo\game_TJD\KnowledgeHunter\Library\ScriptAssemblies\Unity.Timeline.Editor.dll
Symbol file LoadedFromMemory is not a mono symbol file
Symbol file data-000001C97D4F3110 doesn't match image D:\FACULDADE\Mestrado\6º Ano\TJD\jogo\game_TJD\KnowledgeHunter\Library\ScriptAssemblies\Unity.Timeline.dll
Symbol file LoadedFromMemory is not a mono symbol file
Symbol file data-000001C9787CE410 doesn't match image D:\FACULDADE\Mestrado\6º Ano\TJD\jogo\game_TJD\KnowledgeHunter\Library\ScriptAssemblies\Unity.TextMeshPro.dll
Symbol file LoadedFromMemory is not a mono symbol file
Symbol file data-000001C97C274D70 doesn't match image D:\FACULDADE\Mestrado\6º Ano\TJD\jogo\game_TJD\KnowledgeHunter\Library\ScriptAssemblies\Unity.CollabProxy.Editor.dll
Symbol file LoadedFromMemory is not a mono symbol file
Symbol file data-000001C978DCC220 doesn't match image D:\FACULDADE\Mestrado\6º Ano\TJD\jogo\game_TJD\KnowledgeHunter\Library\ScriptAssemblies\UnityEditor.TestRunner.dll
Symbol file LoadedFromMemory is not a mono symbol file
Symbol file data-000001C97BF1BE30 doesn't match image D:\FACULDADE\Mestrado\6º Ano\TJD\jogo\game_TJD\KnowledgeHunter\Library\ScriptAssemblies\UnityEditor.UI.dll
Symbol file LoadedFromMemory is not a mono symbol file
Symbol file data-000001C978347730 doesn't match image D:\FACULDADE\Mestrado\6º Ano\TJD\jogo\game_TJD\KnowledgeHunter\Library\ScriptAssemblies\Unity.PlasticSCM.Editor.dll
Symbol file LoadedFromMemory is not a mono symbol file
Symbol file data-000001C979EC9020 doesn't match image D:\FACULDADE\Mestrado\6º Ano\TJD\jogo\game_TJD\KnowledgeHunter\Library\ScriptAssemblies\Unity.Rider.Editor.dll
Symbol file LoadedFromMemory is not a mono symbol file
Symbol file data-000001C97C3C7040 doesn't match image D:\FACULDADE\Mestrado\6º Ano\TJD\jogo\game_TJD\KnowledgeHunter\Library\ScriptAssemblies\UnityEngine.UI.dll
Symbol file LoadedFromMemory is not a mono symbol file
Native extension for WindowsStandalone target not found
Native extension for WebGL target not found
Refreshing native plugins compatible for Editor in 0.45 ms, found 2 plugins.
Preloading 0 native plugins for Editor in 0.00 ms.
Mono: successfully reloaded assembly
- Completed reload, in  1.562 seconds
Domain Reload Profiling:
	ReloadAssembly (1562ms)
		BeginReloadAssembly (202ms)
			ExecutionOrderSort (0ms)
			DisableScriptedObjects (7ms)
			BackupInstance (0ms)
			ReleaseScriptingObjects (0ms)
			CreateAndSetChildDomain (51ms)
		EndReloadAssembly (1278ms)
			LoadAssemblies (179ms)
			RebuildTransferFunctionScriptingTraits (0ms)
			SetupTypeCache (450ms)
			ReleaseScriptCaches (1ms)
			RebuildScriptCaches (58ms)
			SetupLoadedEditorAssemblies (471ms)
				LogAssemblyErrors (0ms)
				InitializePlatformSupportModulesInManaged (8ms)
				SetLoadedEditorAssemblies (1ms)
				RefreshPlugins (1ms)
				BeforeProcessingInitializeOnLoad (113ms)
				ProcessInitializeOnLoadAttributes (329ms)
				ProcessInitializeOnLoadMethodAttributes (13ms)
				AfterProcessingInitializeOnLoad (5ms)
				EditorAssembliesLoaded (0ms)
			ExecutionOrderSort2 (0ms)
			AwakeInstancesAfterBackupRestoration (12ms)
Platform modules already initialized, skipping
Refreshing native plugins compatible for Editor in 0.70 ms, found 2 plugins.
Preloading 0 native plugins for Editor in 0.00 ms.
Unloading 1692 Unused Serialized files (Serialized files now loaded: 0)
System memory in use before: 79.0 MB.
System memory in use after: 79.1 MB.

Unloading 12 unused Assets to reduce memory usage. Loaded Objects now: 2191.
Total: 3.942000 ms (FindLiveObjects: 0.211700 ms CreateObjectMapping: 0.070800 ms MarkObjects: 3.633600 ms  DeleteObjects: 0.024700 ms)

AssetImportParameters requested are different than current active one (requested -> active):
  custom:framework-win-MediaFoundation: 216162199b28c13a410421893ffa2e32 -> 
  custom:video-decoder-ogg-theora: a1e56fd34408186e4bbccfd4996cb3dc -> 
  custom:container-muxer-webm: aa71ff27fc2769a1b78a27578f13a17b -> 
  custom:container-demuxer-webm: 4f35f7cbe854078d1ac9338744f61a02 -> 
  custom:container-demuxer-ogg: 62fdf1f143b41e24485cea50d1cbac27 -> 
  custom:video-encoder-webm-vp8: eb34c28f22e8b96e1ab97ce403110664 -> 
  custom:video-decoder-webm-vp8: 9c59270c3fd7afecdb556c50c9e8de78 -> 
  custom:audio-decoder-ogg-vorbis: bf7c407c2cedff20999df2af8eb42d56 -> 
  custom:audio-encoder-webm-vorbis: bf7c407c2cedff20999df2af8eb42d56 -> 
========================================================================
Received Prepare
Registering precompiled user dll's ...
Registered in 0.003973 seconds.
Begin MonoManager ReloadAssembly
Symbol file data-000001C979EC9020 doesn't match image D:\FACULDADE\Mestrado\6º Ano\TJD\jogo\game_TJD\KnowledgeHunter\Library\ScriptAssemblies\Unity.Services.Core.Editor.dll
Symbol file LoadedFromMemory is not a mono symbol file
Symbol file data-000001C97A096010 doesn't match image D:\FACULDADE\Mestrado\6º Ano\TJD\jogo\game_TJD\KnowledgeHunter\Library\ScriptAssemblies\Cinemachine.dll
Symbol file LoadedFromMemory is not a mono symbol file
Symbol file data-000001C979F47E60 doesn't match image D:\FACULDADE\Mestrado\6º Ano\TJD\jogo\game_TJD\KnowledgeHunter\Library\ScriptAssemblies\Unity.VSCode.Editor.dll
Symbol file LoadedFromMemory is not a mono symbol file
Symbol file data-000001C9782105A0 doesn't match image D:\FACULDADE\Mestrado\6º Ano\TJD\jogo\game_TJD\KnowledgeHunter\Library\ScriptAssemblies\com.unity.cinemachine.editor.dll
Symbol file LoadedFromMemory is not a mono symbol file
Symbol file data-000001C9782105A0 doesn't match image D:\FACULDADE\Mestrado\6º Ano\TJD\jogo\game_TJD\KnowledgeHunter\Library\ScriptAssemblies\Unity.TextMeshPro.Editor.dll
Symbol file LoadedFromMemory is not a mono symbol file
Symbol file data-000001C97D20C100 doesn't match image D:\FACULDADE\Mestrado\6º Ano\TJD\jogo\game_TJD\KnowledgeHunter\Library\ScriptAssemblies\Unity.VisualStudio.Editor.dll
Symbol file LoadedFromMemory is not a mono symbol file
Symbol file data-000001C97D36DD70 doesn't match image D:\FACULDADE\Mestrado\6º Ano\TJD\jogo\game_TJD\KnowledgeHunter\Library\ScriptAssemblies\UnityEngine.TestRunner.dll
Symbol file LoadedFromMemory is not a mono symbol file
Symbol file data-000001C99E49C010 doesn't match image D:\FACULDADE\Mestrado\6º Ano\TJD\jogo\game_TJD\KnowledgeHunter\Library\ScriptAssemblies\Unity.Timeline.Editor.dll
Symbol file LoadedFromMemory is not a mono symbol file
Symbol file data-000001C9782105A0 doesn't match image D:\FACULDADE\Mestrado\6º Ano\TJD\jogo\game_TJD\KnowledgeHunter\Library\ScriptAssemblies\Unity.Timeline.dll
Symbol file LoadedFromMemory is not a mono symbol file
Symbol file data-000001C978402020 doesn't match image D:\FACULDADE\Mestrado\6º Ano\TJD\jogo\game_TJD\KnowledgeHunter\Library\ScriptAssemblies\Unity.TextMeshPro.dll
Symbol file LoadedFromMemory is not a mono symbol file
Symbol file data-000001C97D36DD70 doesn't match image D:\FACULDADE\Mestrado\6º Ano\TJD\jogo\game_TJD\KnowledgeHunter\Library\ScriptAssemblies\Unity.CollabProxy.Editor.dll
Symbol file LoadedFromMemory is not a mono symbol file
Symbol file data-000001C97A096010 doesn't match image D:\FACULDADE\Mestrado\6º Ano\TJD\jogo\game_TJD\KnowledgeHunter\Library\ScriptAssemblies\UnityEditor.TestRunner.dll
Symbol file LoadedFromMemory is not a mono symbol file
Symbol file data-000001C97D20C100 doesn't match image D:\FACULDADE\Mestrado\6º Ano\TJD\jogo\game_TJD\KnowledgeHunter\Library\ScriptAssemblies\UnityEditor.UI.dll
Symbol file LoadedFromMemory is not a mono symbol file
Symbol file data-000001C974469020 doesn't match image D:\FACULDADE\Mestrado\6º Ano\TJD\jogo\game_TJD\KnowledgeHunter\Library\ScriptAssemblies\Unity.PlasticSCM.Editor.dll
Symbol file LoadedFromMemory is not a mono symbol file
Symbol file data-000001C97BF1BE30 doesn't match image D:\FACULDADE\Mestrado\6º Ano\TJD\jogo\game_TJD\KnowledgeHunter\Library\ScriptAssemblies\Unity.Rider.Editor.dll
Symbol file LoadedFromMemory is not a mono symbol file
Symbol file data-000001C978E33020 doesn't match image D:\FACULDADE\Mestrado\6º Ano\TJD\jogo\game_TJD\KnowledgeHunter\Library\ScriptAssemblies\UnityEngine.UI.dll
Symbol file LoadedFromMemory is not a mono symbol file
Native extension for WindowsStandalone target not found
Native extension for WebGL target not found
Refreshing native plugins compatible for Editor in 0.40 ms, found 2 plugins.
Preloading 0 native plugins for Editor in 0.00 ms.
Mono: successfully reloaded assembly
- Completed reload, in  1.619 seconds
Domain Reload Profiling:
	ReloadAssembly (1619ms)
		BeginReloadAssembly (205ms)
			ExecutionOrderSort (0ms)
			DisableScriptedObjects (6ms)
			BackupInstance (0ms)
			ReleaseScriptingObjects (0ms)
			CreateAndSetChildDomain (61ms)
		EndReloadAssembly (1324ms)
			LoadAssemblies (182ms)
			RebuildTransferFunctionScriptingTraits (0ms)
			SetupTypeCache (469ms)
			ReleaseScriptCaches (1ms)
			RebuildScriptCaches (59ms)
			SetupLoadedEditorAssemblies (524ms)
				LogAssemblyErrors (0ms)
				InitializePlatformSupportModulesInManaged (8ms)
				SetLoadedEditorAssemblies (1ms)
				RefreshPlugins (1ms)
				BeforeProcessingInitializeOnLoad (140ms)
				ProcessInitializeOnLoadAttributes (354ms)
				ProcessInitializeOnLoadMethodAttributes (15ms)
				AfterProcessingInitializeOnLoad (6ms)
				EditorAssembliesLoaded (0ms)
			ExecutionOrderSort2 (0ms)
			AwakeInstancesAfterBackupRestoration (10ms)
Platform modules already initialized, skipping
Refreshing native plugins compatible for Editor in 0.53 ms, found 2 plugins.
Preloading 0 native plugins for Editor in 0.00 ms.
Unloading 1692 Unused Serialized files (Serialized files now loaded: 0)
System memory in use before: 79.0 MB.
System memory in use after: 79.1 MB.

Unloading 12 unused Assets to reduce memory usage. Loaded Objects now: 2193.
Total: 3.513700 ms (FindLiveObjects: 0.240400 ms CreateObjectMapping: 0.087900 ms MarkObjects: 3.161900 ms  DeleteObjects: 0.022500 ms)

AssetImportParameters requested are different than current active one (requested -> active):
  custom:framework-win-MediaFoundation: 216162199b28c13a410421893ffa2e32 -> 
  custom:video-decoder-ogg-theora: a1e56fd34408186e4bbccfd4996cb3dc -> 
  custom:container-muxer-webm: aa71ff27fc2769a1b78a27578f13a17b -> 
  custom:container-demuxer-webm: 4f35f7cbe854078d1ac9338744f61a02 -> 
  custom:container-demuxer-ogg: 62fdf1f143b41e24485cea50d1cbac27 -> 
  custom:video-encoder-webm-vp8: eb34c28f22e8b96e1ab97ce403110664 -> 
  custom:video-decoder-webm-vp8: 9c59270c3fd7afecdb556c50c9e8de78 -> 
  custom:audio-decoder-ogg-vorbis: bf7c407c2cedff20999df2af8eb42d56 -> 
  custom:audio-encoder-webm-vorbis: bf7c407c2cedff20999df2af8eb42d56 -> 
========================================================================
Received Import Request.
  Time since last request: 588.069796 seconds.
  path: Assets/Scenes/Boss selection.unity
  artifactKey: Guid(eae4cadc34b957946b979dd9785783f3) Importer(815301076,1909f56bfc062723c751e8b465ee728b)
Start importing Assets/Scenes/Boss selection.unity using Guid(eae4cadc34b957946b979dd9785783f3) Importer(815301076,1909f56bfc062723c751e8b465ee728b)  -> (artifact id: '21a8b29d8fd9e8e24500321134c00e04') in 0.020038 seconds 
========================================================================
Received Prepare
Registering precompiled user dll's ...
Registered in 0.204426 seconds.
Begin MonoManager ReloadAssembly
Symbol file data-000001C97CFFD310 doesn't match image D:\FACULDADE\Mestrado\6º Ano\TJD\jogo\game_TJD\KnowledgeHunter\Library\ScriptAssemblies\Unity.Services.Core.Editor.dll
Symbol file LoadedFromMemory is not a mono symbol file
Symbol file data-000001C97A386030 doesn't match image D:\FACULDADE\Mestrado\6º Ano\TJD\jogo\game_TJD\KnowledgeHunter\Library\ScriptAssemblies\Cinemachine.dll
Symbol file LoadedFromMemory is not a mono symbol file
Symbol file data-000001C9790E7BF0 doesn't match image D:\FACULDADE\Mestrado\6º Ano\TJD\jogo\game_TJD\KnowledgeHunter\Library\ScriptAssemblies\Unity.VSCode.Editor.dll
Symbol file LoadedFromMemory is not a mono symbol file
Symbol file data-000001C979FE0010 doesn't match image D:\FACULDADE\Mestrado\6º Ano\TJD\jogo\game_TJD\KnowledgeHunter\Library\ScriptAssemblies\com.unity.cinemachine.editor.dll
Symbol file LoadedFromMemory is not a mono symbol file
Symbol file data-000001C979872070 doesn't match image D:\FACULDADE\Mestrado\6º Ano\TJD\jogo\game_TJD\KnowledgeHunter\Library\ScriptAssemblies\Unity.TextMeshPro.Editor.dll
Symbol file LoadedFromMemory is not a mono symbol file
Symbol file data-000001C974872010 doesn't match image D:\FACULDADE\Mestrado\6º Ano\TJD\jogo\game_TJD\KnowledgeHunter\Library\ScriptAssemblies\Unity.VisualStudio.Editor.dll
Symbol file LoadedFromMemory is not a mono symbol file
Symbol file data-000001C97CF6C060 doesn't match image D:\FACULDADE\Mestrado\6º Ano\TJD\jogo\game_TJD\KnowledgeHunter\Library\ScriptAssemblies\UnityEngine.TestRunner.dll
Symbol file LoadedFromMemory is not a mono symbol file
Symbol file data-000001C99EBDD010 doesn't match image D:\FACULDADE\Mestrado\6º Ano\TJD\jogo\game_TJD\KnowledgeHunter\Library\ScriptAssemblies\Unity.Timeline.Editor.dll
Symbol file LoadedFromMemory is not a mono symbol file
Symbol file data-000001C97D2640A0 doesn't match image D:\FACULDADE\Mestrado\6º Ano\TJD\jogo\game_TJD\KnowledgeHunter\Library\ScriptAssemblies\Unity.Timeline.dll
Symbol file LoadedFromMemory is not a mono symbol file
Symbol file data-000001C97C8FD010 doesn't match image D:\FACULDADE\Mestrado\6º Ano\TJD\jogo\game_TJD\KnowledgeHunter\Library\ScriptAssemblies\Unity.TextMeshPro.dll
Symbol file LoadedFromMemory is not a mono symbol file
Symbol file data-000001C974501010 doesn't match image D:\FACULDADE\Mestrado\6º Ano\TJD\jogo\game_TJD\KnowledgeHunter\Library\ScriptAssemblies\Unity.CollabProxy.Editor.dll
Symbol file LoadedFromMemory is not a mono symbol file
Symbol file data-000001C9782105A0 doesn't match image D:\FACULDADE\Mestrado\6º Ano\TJD\jogo\game_TJD\KnowledgeHunter\Library\ScriptAssemblies\UnityEditor.TestRunner.dll
Symbol file LoadedFromMemory is not a mono symbol file
Symbol file data-000001C974872010 doesn't match image D:\FACULDADE\Mestrado\6º Ano\TJD\jogo\game_TJD\KnowledgeHunter\Library\ScriptAssemblies\UnityEditor.UI.dll
Symbol file LoadedFromMemory is not a mono symbol file
Symbol file data-000001C99EB029E0 doesn't match image D:\FACULDADE\Mestrado\6º Ano\TJD\jogo\game_TJD\KnowledgeHunter\Library\ScriptAssemblies\Unity.PlasticSCM.Editor.dll
Symbol file LoadedFromMemory is not a mono symbol file
Symbol file data-000001C97CFFD310 doesn't match image D:\FACULDADE\Mestrado\6º Ano\TJD\jogo\game_TJD\KnowledgeHunter\Library\ScriptAssemblies\Unity.Rider.Editor.dll
Symbol file LoadedFromMemory is not a mono symbol file
Symbol file data-000001C978F3D030 doesn't match image D:\FACULDADE\Mestrado\6º Ano\TJD\jogo\game_TJD\KnowledgeHunter\Library\ScriptAssemblies\UnityEngine.UI.dll
Symbol file LoadedFromMemory is not a mono symbol file
Native extension for WindowsStandalone target not found
Native extension for WebGL target not found
Refreshing native plugins compatible for Editor in 0.48 ms, found 2 plugins.
Preloading 0 native plugins for Editor in 0.00 ms.
Mono: successfully reloaded assembly
- Completed reload, in  2.436 seconds
Domain Reload Profiling:
	ReloadAssembly (2436ms)
		BeginReloadAssembly (529ms)
			ExecutionOrderSort (0ms)
			DisableScriptedObjects (6ms)
			BackupInstance (0ms)
			ReleaseScriptingObjects (0ms)
			CreateAndSetChildDomain (42ms)
		EndReloadAssembly (1835ms)
			LoadAssemblies (1086ms)
			RebuildTransferFunctionScriptingTraits (0ms)
			SetupTypeCache (425ms)
			ReleaseScriptCaches (1ms)
			RebuildScriptCaches (66ms)
			SetupLoadedEditorAssemblies (516ms)
				LogAssemblyErrors (0ms)
				InitializePlatformSupportModulesInManaged (7ms)
				SetLoadedEditorAssemblies (1ms)
				RefreshPlugins (1ms)
				BeforeProcessingInitializeOnLoad (132ms)
				ProcessInitializeOnLoadAttributes (309ms)
				ProcessInitializeOnLoadMethodAttributes (62ms)
				AfterProcessingInitializeOnLoad (4ms)
				EditorAssembliesLoaded (0ms)
			ExecutionOrderSort2 (0ms)
			AwakeInstancesAfterBackupRestoration (8ms)
Platform modules already initialized, skipping
Refreshing native plugins compatible for Editor in 0.61 ms, found 2 plugins.
Preloading 0 native plugins for Editor in 0.00 ms.
Unloading 1692 Unused Serialized files (Serialized files now loaded: 0)
System memory in use before: 79.0 MB.
System memory in use after: 79.1 MB.

Unloading 12 unused Assets to reduce memory usage. Loaded Objects now: 2195.
Total: 5.871100 ms (FindLiveObjects: 0.392800 ms CreateObjectMapping: 0.178900 ms MarkObjects: 5.163800 ms  DeleteObjects: 0.132600 ms)

AssetImportParameters requested are different than current active one (requested -> active):
  custom:framework-win-MediaFoundation: 216162199b28c13a410421893ffa2e32 -> 
  custom:video-decoder-ogg-theora: a1e56fd34408186e4bbccfd4996cb3dc -> 
  custom:container-muxer-webm: aa71ff27fc2769a1b78a27578f13a17b -> 
  custom:container-demuxer-webm: 4f35f7cbe854078d1ac9338744f61a02 -> 
  custom:container-demuxer-ogg: 62fdf1f143b41e24485cea50d1cbac27 -> 
  custom:video-encoder-webm-vp8: eb34c28f22e8b96e1ab97ce403110664 -> 
  custom:video-decoder-webm-vp8: 9c59270c3fd7afecdb556c50c9e8de78 -> 
  custom:audio-decoder-ogg-vorbis: bf7c407c2cedff20999df2af8eb42d56 -> 
  custom:audio-encoder-webm-vorbis: bf7c407c2cedff20999df2af8eb42d56 -> 
========================================================================
Received Import Request.
  Time since last request: 2661.621374 seconds.
  path: Assets/CharacterSelection.cs
  artifactKey: Guid(902ba7a2181b72641814fc6e5b828a03) Importer(815301076,1909f56bfc062723c751e8b465ee728b)
Start importing Assets/CharacterSelection.cs using Guid(902ba7a2181b72641814fc6e5b828a03) Importer(815301076,1909f56bfc062723c751e8b465ee728b)  -> (artifact id: '79282f1a44689bdfcd48d3a274a245b3') in 0.155209 seconds 
========================================================================
Received Import Request.
  Time since last request: 1127.866385 seconds.
  path: Assets/Scripts/InteractionSystem
  artifactKey: Guid(50f060296f668f14c8952cc61ec89258) Importer(815301076,1909f56bfc062723c751e8b465ee728b)
Start importing Assets/Scripts/InteractionSystem using Guid(50f060296f668f14c8952cc61ec89258) Importer(815301076,1909f56bfc062723c751e8b465ee728b)  -> (artifact id: '105746bb60f178a05598fe3d24780acd') in 0.052728 seconds 
========================================================================
Received Import Request.
  Time since last request: 2.338296 seconds.
  path: Assets/Scripts/Gameplay
  artifactKey: Guid(3042a1391e642164fb419fa22190fc2f) Importer(815301076,1909f56bfc062723c751e8b465ee728b)
Start importing Assets/Scripts/Gameplay using Guid(3042a1391e642164fb419fa22190fc2f) Importer(815301076,1909f56bfc062723c751e8b465ee728b)  -> (artifact id: '5cc1e9d749230462e1d1b91c0a55074a') in 0.037028 seconds 
========================================================================
Received Prepare
Registering precompiled user dll's ...
Registered in 0.004185 seconds.
Begin MonoManager ReloadAssembly
Symbol file data-000001C97CFFD310 doesn't match image D:\FACULDADE\Mestrado\6º Ano\TJD\jogo\game_TJD\KnowledgeHunter\Library\ScriptAssemblies\Unity.Services.Core.Editor.dll
Symbol file LoadedFromMemory is not a mono symbol file
Symbol file data-000001C97C294D40 doesn't match image D:\FACULDADE\Mestrado\6º Ano\TJD\jogo\game_TJD\KnowledgeHunter\Library\ScriptAssemblies\Cinemachine.dll
Symbol file LoadedFromMemory is not a mono symbol file
Symbol file data-000001C973F58EF0 doesn't match image D:\FACULDADE\Mestrado\6º Ano\TJD\jogo\game_TJD\KnowledgeHunter\Library\ScriptAssemblies\Unity.VSCode.Editor.dll
Symbol file LoadedFromMemory is not a mono symbol file
Symbol file data-000001C979FE0010 doesn't match image D:\FACULDADE\Mestrado\6º Ano\TJD\jogo\game_TJD\KnowledgeHunter\Library\ScriptAssemblies\com.unity.cinemachine.editor.dll
Symbol file LoadedFromMemory is not a mono symbol file
Symbol file data-000001C97CD6A630 doesn't match image D:\FACULDADE\Mestrado\6º Ano\TJD\jogo\game_TJD\KnowledgeHunter\Library\ScriptAssemblies\Unity.TextMeshPro.Editor.dll
Symbol file LoadedFromMemory is not a mono symbol file
Symbol file data-000001C979CCE030 doesn't match image D:\FACULDADE\Mestrado\6º Ano\TJD\jogo\game_TJD\KnowledgeHunter\Library\ScriptAssemblies\Unity.VisualStudio.Editor.dll
Symbol file LoadedFromMemory is not a mono symbol file
Symbol file data-000001C97D0EBD30 doesn't match image D:\FACULDADE\Mestrado\6º Ano\TJD\jogo\game_TJD\KnowledgeHunter\Library\ScriptAssemblies\UnityEngine.TestRunner.dll
Symbol file LoadedFromMemory is not a mono symbol file
Symbol file data-000001C974426FA0 doesn't match image D:\FACULDADE\Mestrado\6º Ano\TJD\jogo\game_TJD\KnowledgeHunter\Library\ScriptAssemblies\Unity.Timeline.Editor.dll
Symbol file LoadedFromMemory is not a mono symbol file
Symbol file data-000001C974CF1030 doesn't match image D:\FACULDADE\Mestrado\6º Ano\TJD\jogo\game_TJD\KnowledgeHunter\Library\ScriptAssemblies\Unity.Timeline.dll
Symbol file LoadedFromMemory is not a mono symbol file
Symbol file data-000001C97B98B1A0 doesn't match image D:\FACULDADE\Mestrado\6º Ano\TJD\jogo\game_TJD\KnowledgeHunter\Library\ScriptAssemblies\Unity.TextMeshPro.dll
Symbol file LoadedFromMemory is not a mono symbol file
Symbol file data-000001C974501010 doesn't match image D:\FACULDADE\Mestrado\6º Ano\TJD\jogo\game_TJD\KnowledgeHunter\Library\ScriptAssemblies\Unity.CollabProxy.Editor.dll
Symbol file LoadedFromMemory is not a mono symbol file
Symbol file data-000001C9781B6830 doesn't match image D:\FACULDADE\Mestrado\6º Ano\TJD\jogo\game_TJD\KnowledgeHunter\Library\ScriptAssemblies\UnityEditor.TestRunner.dll
Symbol file LoadedFromMemory is not a mono symbol file
Symbol file data-000001C979CCE030 doesn't match image D:\FACULDADE\Mestrado\6º Ano\TJD\jogo\game_TJD\KnowledgeHunter\Library\ScriptAssemblies\UnityEditor.UI.dll
Symbol file LoadedFromMemory is not a mono symbol file
Symbol file data-000001C97D002F60 doesn't match image D:\FACULDADE\Mestrado\6º Ano\TJD\jogo\game_TJD\KnowledgeHunter\Library\ScriptAssemblies\Unity.PlasticSCM.Editor.dll
Symbol file LoadedFromMemory is not a mono symbol file
Symbol file data-000001C97CFFD310 doesn't match image D:\FACULDADE\Mestrado\6º Ano\TJD\jogo\game_TJD\KnowledgeHunter\Library\ScriptAssemblies\Unity.Rider.Editor.dll
Symbol file LoadedFromMemory is not a mono symbol file
Symbol file data-000001C978F3D030 doesn't match image D:\FACULDADE\Mestrado\6º Ano\TJD\jogo\game_TJD\KnowledgeHunter\Library\ScriptAssemblies\UnityEngine.UI.dll
Symbol file LoadedFromMemory is not a mono symbol file
Native extension for WindowsStandalone target not found
Native extension for WebGL target not found
Refreshing native plugins compatible for Editor in 0.84 ms, found 2 plugins.
Preloading 0 native plugins for Editor in 0.00 ms.
Mono: successfully reloaded assembly
- Completed reload, in  1.406 seconds
Domain Reload Profiling:
	ReloadAssembly (1406ms)
		BeginReloadAssembly (185ms)
			ExecutionOrderSort (0ms)
			DisableScriptedObjects (6ms)
			BackupInstance (0ms)
			ReleaseScriptingObjects (0ms)
			CreateAndSetChildDomain (40ms)
		EndReloadAssembly (1142ms)
			LoadAssemblies (181ms)
			RebuildTransferFunctionScriptingTraits (0ms)
			SetupTypeCache (370ms)
			ReleaseScriptCaches (1ms)
			RebuildScriptCaches (59ms)
			SetupLoadedEditorAssemblies (450ms)
				LogAssemblyErrors (0ms)
				InitializePlatformSupportModulesInManaged (13ms)
				SetLoadedEditorAssemblies (1ms)
				RefreshPlugins (1ms)
				BeforeProcessingInitializeOnLoad (132ms)
				ProcessInitializeOnLoadAttributes (286ms)
				ProcessInitializeOnLoadMethodAttributes (14ms)
				AfterProcessingInitializeOnLoad (4ms)
				EditorAssembliesLoaded (0ms)
			ExecutionOrderSort2 (0ms)
			AwakeInstancesAfterBackupRestoration (9ms)
Platform modules already initialized, skipping
Refreshing native plugins compatible for Editor in 0.47 ms, found 2 plugins.
Preloading 0 native plugins for Editor in 0.00 ms.
Unloading 1693 Unused Serialized files (Serialized files now loaded: 0)
System memory in use before: 79.1 MB.
System memory in use after: 79.2 MB.

Unloading 12 unused Assets to reduce memory usage. Loaded Objects now: 2198.
Total: 3.805500 ms (FindLiveObjects: 0.149000 ms CreateObjectMapping: 0.130800 ms MarkObjects: 3.463300 ms  DeleteObjects: 0.061300 ms)

AssetImportParameters requested are different than current active one (requested -> active):
  custom:framework-win-MediaFoundation: 216162199b28c13a410421893ffa2e32 -> 
  custom:video-decoder-ogg-theora: a1e56fd34408186e4bbccfd4996cb3dc -> 
  custom:container-muxer-webm: aa71ff27fc2769a1b78a27578f13a17b -> 
  custom:container-demuxer-webm: 4f35f7cbe854078d1ac9338744f61a02 -> 
  custom:container-demuxer-ogg: 62fdf1f143b41e24485cea50d1cbac27 -> 
  custom:video-encoder-webm-vp8: eb34c28f22e8b96e1ab97ce403110664 -> 
  custom:video-decoder-webm-vp8: 9c59270c3fd7afecdb556c50c9e8de78 -> 
  custom:audio-decoder-ogg-vorbis: bf7c407c2cedff20999df2af8eb42d56 -> 
  custom:audio-encoder-webm-vorbis: bf7c407c2cedff20999df2af8eb42d56 -> 
========================================================================
Received Import Request.
  Time since last request: 39.084096 seconds.
  path: Assets/Scripts/Gameplay/BossSelection.cs
  artifactKey: Guid(507df7e951c49ab4c9a1b74945d79621) Importer(815301076,1909f56bfc062723c751e8b465ee728b)
Start importing Assets/Scripts/Gameplay/BossSelection.cs using Guid(507df7e951c49ab4c9a1b74945d79621) Importer(815301076,1909f56bfc062723c751e8b465ee728b)  -> (artifact id: 'ebf99da66f3577bd4e3c8f2ee7b4f5c5') in 0.005508 seconds 
========================================================================
Received Prepare
Registering precompiled user dll's ...
Registered in 0.004379 seconds.
Begin MonoManager ReloadAssembly
Symbol file data-000001C979EC9020 doesn't match image D:\FACULDADE\Mestrado\6º Ano\TJD\jogo\game_TJD\KnowledgeHunter\Library\ScriptAssemblies\Unity.Services.Core.Editor.dll
Symbol file LoadedFromMemory is not a mono symbol file
Symbol file data-000001C97C294D40 doesn't match image D:\FACULDADE\Mestrado\6º Ano\TJD\jogo\game_TJD\KnowledgeHunter\Library\ScriptAssemblies\Cinemachine.dll
Symbol file LoadedFromMemory is not a mono symbol file
Symbol file data-000001C978DD9290 doesn't match image D:\FACULDADE\Mestrado\6º Ano\TJD\jogo\game_TJD\KnowledgeHunter\Library\ScriptAssemblies\Unity.VSCode.Editor.dll
Symbol file LoadedFromMemory is not a mono symbol file
Symbol file data-000001C978379010 doesn't match image D:\FACULDADE\Mestrado\6º Ano\TJD\jogo\game_TJD\KnowledgeHunter\Library\ScriptAssemblies\com.unity.cinemachine.editor.dll
Symbol file LoadedFromMemory is not a mono symbol file
Symbol file data-000001C978379010 doesn't match image D:\FACULDADE\Mestrado\6º Ano\TJD\jogo\game_TJD\KnowledgeHunter\Library\ScriptAssemblies\Unity.TextMeshPro.Editor.dll
Symbol file LoadedFromMemory is not a mono symbol file
Symbol file data-000001C97D20C100 doesn't match image D:\FACULDADE\Mestrado\6º Ano\TJD\jogo\game_TJD\KnowledgeHunter\Library\ScriptAssemblies\Unity.VisualStudio.Editor.dll
Symbol file LoadedFromMemory is not a mono symbol file
Symbol file data-000001C974CF1030 doesn't match image D:\FACULDADE\Mestrado\6º Ano\TJD\jogo\game_TJD\KnowledgeHunter\Library\ScriptAssemblies\UnityEngine.TestRunner.dll
Symbol file LoadedFromMemory is not a mono symbol file
Symbol file data-000001C97BCECF40 doesn't match image D:\FACULDADE\Mestrado\6º Ano\TJD\jogo\game_TJD\KnowledgeHunter\Library\ScriptAssemblies\Unity.Timeline.Editor.dll
Symbol file LoadedFromMemory is not a mono symbol file
Symbol file data-000001C9789FE030 doesn't match image D:\FACULDADE\Mestrado\6º Ano\TJD\jogo\game_TJD\KnowledgeHunter\Library\ScriptAssemblies\Unity.Timeline.dll
Symbol file LoadedFromMemory is not a mono symbol file
Symbol file data-000001C97B98B1A0 doesn't match image D:\FACULDADE\Mestrado\6º Ano\TJD\jogo\game_TJD\KnowledgeHunter\Library\ScriptAssemblies\Unity.TextMeshPro.dll
Symbol file LoadedFromMemory is not a mono symbol file
Symbol file data-000001C974CF1030 doesn't match image D:\FACULDADE\Mestrado\6º Ano\TJD\jogo\game_TJD\KnowledgeHunter\Library\ScriptAssemblies\Unity.CollabProxy.Editor.dll
Symbol file LoadedFromMemory is not a mono symbol file
Symbol file data-000001C97C3F6F00 doesn't match image D:\FACULDADE\Mestrado\6º Ano\TJD\jogo\game_TJD\KnowledgeHunter\Library\ScriptAssemblies\UnityEditor.TestRunner.dll
Symbol file LoadedFromMemory is not a mono symbol file
Symbol file data-000001C97D20C100 doesn't match image D:\FACULDADE\Mestrado\6º Ano\TJD\jogo\game_TJD\KnowledgeHunter\Library\ScriptAssemblies\UnityEditor.UI.dll
Symbol file LoadedFromMemory is not a mono symbol file
Symbol file data-000001C97D002F60 doesn't match image D:\FACULDADE\Mestrado\6º Ano\TJD\jogo\game_TJD\KnowledgeHunter\Library\ScriptAssemblies\Unity.PlasticSCM.Editor.dll
Symbol file LoadedFromMemory is not a mono symbol file
Symbol file data-000001C979EC9020 doesn't match image D:\FACULDADE\Mestrado\6º Ano\TJD\jogo\game_TJD\KnowledgeHunter\Library\ScriptAssemblies\Unity.Rider.Editor.dll
Symbol file LoadedFromMemory is not a mono symbol file
Symbol file data-000001C978C2C020 doesn't match image D:\FACULDADE\Mestrado\6º Ano\TJD\jogo\game_TJD\KnowledgeHunter\Library\ScriptAssemblies\UnityEngine.UI.dll
Symbol file LoadedFromMemory is not a mono symbol file
Native extension for WindowsStandalone target not found
Native extension for WebGL target not found
Refreshing native plugins compatible for Editor in 0.39 ms, found 2 plugins.
Preloading 0 native plugins for Editor in 0.00 ms.
Mono: successfully reloaded assembly
- Completed reload, in  1.365 seconds
Domain Reload Profiling:
	ReloadAssembly (1366ms)
		BeginReloadAssembly (183ms)
			ExecutionOrderSort (0ms)
			DisableScriptedObjects (6ms)
			BackupInstance (0ms)
			ReleaseScriptingObjects (0ms)
			CreateAndSetChildDomain (39ms)
		EndReloadAssembly (1098ms)
			LoadAssemblies (182ms)
			RebuildTransferFunctionScriptingTraits (0ms)
			SetupTypeCache (425ms)
			ReleaseScriptCaches (1ms)
			RebuildScriptCaches (52ms)
			SetupLoadedEditorAssemblies (377ms)
				LogAssemblyErrors (0ms)
				InitializePlatformSupportModulesInManaged (8ms)
				SetLoadedEditorAssemblies (1ms)
				RefreshPlugins (0ms)
				BeforeProcessingInitializeOnLoad (91ms)
				ProcessInitializeOnLoadAttributes (261ms)
				ProcessInitializeOnLoadMethodAttributes (11ms)
				AfterProcessingInitializeOnLoad (5ms)
				EditorAssembliesLoaded (0ms)
			ExecutionOrderSort2 (0ms)
			AwakeInstancesAfterBackupRestoration (8ms)
Platform modules already initialized, skipping
Refreshing native plugins compatible for Editor in 0.43 ms, found 2 plugins.
Preloading 0 native plugins for Editor in 0.00 ms.
Unloading 1693 Unused Serialized files (Serialized files now loaded: 0)
System memory in use before: 79.1 MB.
System memory in use after: 79.2 MB.

Unloading 12 unused Assets to reduce memory usage. Loaded Objects now: 2200.
Total: 3.750600 ms (FindLiveObjects: 0.143700 ms CreateObjectMapping: 0.065100 ms MarkObjects: 3.519400 ms  DeleteObjects: 0.021300 ms)

AssetImportParameters requested are different than current active one (requested -> active):
  custom:framework-win-MediaFoundation: 216162199b28c13a410421893ffa2e32 -> 
  custom:video-decoder-ogg-theora: a1e56fd34408186e4bbccfd4996cb3dc -> 
  custom:container-muxer-webm: aa71ff27fc2769a1b78a27578f13a17b -> 
  custom:container-demuxer-webm: 4f35f7cbe854078d1ac9338744f61a02 -> 
  custom:container-demuxer-ogg: 62fdf1f143b41e24485cea50d1cbac27 -> 
  custom:video-encoder-webm-vp8: eb34c28f22e8b96e1ab97ce403110664 -> 
  custom:video-decoder-webm-vp8: 9c59270c3fd7afecdb556c50c9e8de78 -> 
  custom:audio-decoder-ogg-vorbis: bf7c407c2cedff20999df2af8eb42d56 -> 
  custom:audio-encoder-webm-vorbis: bf7c407c2cedff20999df2af8eb42d56 -> 
========================================================================
Received Import Request.
  Time since last request: 161.200274 seconds.
  path: Assets/Scenes/Menu.unity
  artifactKey: Guid(9fc0d4010bbf28b4594072e72b8655ab) Importer(815301076,1909f56bfc062723c751e8b465ee728b)
Start importing Assets/Scenes/Menu.unity using Guid(9fc0d4010bbf28b4594072e72b8655ab) Importer(815301076,1909f56bfc062723c751e8b465ee728b)  -> (artifact id: '61057960ca7973fa016a939c39e6ae53') in 0.043826 seconds 
========================================================================
Received Import Request.
  Time since last request: 27.160491 seconds.
  path: Assets/Scenes/Boss selection.unity
  artifactKey: Guid(eae4cadc34b957946b979dd9785783f3) Importer(815301076,1909f56bfc062723c751e8b465ee728b)
Start importing Assets/Scenes/Boss selection.unity using Guid(eae4cadc34b957946b979dd9785783f3) Importer(815301076,1909f56bfc062723c751e8b465ee728b)  -> (artifact id: '4a8f2713e471dd8a02097585b3cfc9d1') in 0.029246 seconds 
========================================================================
Received Prepare
Registering precompiled user dll's ...
Registered in 0.005982 seconds.
Begin MonoManager ReloadAssembly
Symbol file data-000001C979EC9020 doesn't match image D:\FACULDADE\Mestrado\6º Ano\TJD\jogo\game_TJD\KnowledgeHunter\Library\ScriptAssemblies\Unity.Services.Core.Editor.dll
Symbol file LoadedFromMemory is not a mono symbol file
Symbol file data-000001C97CFDE060 doesn't match image D:\FACULDADE\Mestrado\6º Ano\TJD\jogo\game_TJD\KnowledgeHunter\Library\ScriptAssemblies\Cinemachine.dll
Symbol file LoadedFromMemory is not a mono symbol file
Symbol file data-000001C99EAF8020 doesn't match image D:\FACULDADE\Mestrado\6º Ano\TJD\jogo\game_TJD\KnowledgeHunter\Library\ScriptAssemblies\Unity.VSCode.Editor.dll
Symbol file LoadedFromMemory is not a mono symbol file
Symbol file data-000001C99EB129F0 doesn't match image D:\FACULDADE\Mestrado\6º Ano\TJD\jogo\game_TJD\KnowledgeHunter\Library\ScriptAssemblies\com.unity.cinemachine.editor.dll
Symbol file LoadedFromMemory is not a mono symbol file
Symbol file data-000001C99EB129F0 doesn't match image D:\FACULDADE\Mestrado\6º Ano\TJD\jogo\game_TJD\KnowledgeHunter\Library\ScriptAssemblies\Unity.TextMeshPro.Editor.dll
Symbol file LoadedFromMemory is not a mono symbol file
Symbol file data-000001C97D20C100 doesn't match image D:\FACULDADE\Mestrado\6º Ano\TJD\jogo\game_TJD\KnowledgeHunter\Library\ScriptAssemblies\Unity.VisualStudio.Editor.dll
Symbol file LoadedFromMemory is not a mono symbol file
Symbol file data-000001C9746F7F20 doesn't match image D:\FACULDADE\Mestrado\6º Ano\TJD\jogo\game_TJD\KnowledgeHunter\Library\ScriptAssemblies\UnityEngine.TestRunner.dll
Symbol file LoadedFromMemory is not a mono symbol file
Symbol file data-000001C97C3C7040 doesn't match image D:\FACULDADE\Mestrado\6º Ano\TJD\jogo\game_TJD\KnowledgeHunter\Library\ScriptAssemblies\Unity.Timeline.Editor.dll
Symbol file LoadedFromMemory is not a mono symbol file
Symbol file data-000001C99EB129F0 doesn't match image D:\FACULDADE\Mestrado\6º Ano\TJD\jogo\game_TJD\KnowledgeHunter\Library\ScriptAssemblies\Unity.Timeline.dll
Symbol file LoadedFromMemory is not a mono symbol file
Symbol file data-000001C979ED6700 doesn't match image D:\FACULDADE\Mestrado\6º Ano\TJD\jogo\game_TJD\KnowledgeHunter\Library\ScriptAssemblies\Unity.TextMeshPro.dll
Symbol file LoadedFromMemory is not a mono symbol file
Symbol file data-000001C9746F7F20 doesn't match image D:\FACULDADE\Mestrado\6º Ano\TJD\jogo\game_TJD\KnowledgeHunter\Library\ScriptAssemblies\Unity.CollabProxy.Editor.dll
Symbol file LoadedFromMemory is not a mono symbol file
Symbol file data-000001C978562020 doesn't match image D:\FACULDADE\Mestrado\6º Ano\TJD\jogo\game_TJD\KnowledgeHunter\Library\ScriptAssemblies\UnityEditor.TestRunner.dll
Symbol file LoadedFromMemory is not a mono symbol file
Symbol file data-000001C97D20C100 doesn't match image D:\FACULDADE\Mestrado\6º Ano\TJD\jogo\game_TJD\KnowledgeHunter\Library\ScriptAssemblies\UnityEditor.UI.dll
Symbol file LoadedFromMemory is not a mono symbol file
Symbol file data-000001C97460D020 doesn't match image D:\FACULDADE\Mestrado\6º Ano\TJD\jogo\game_TJD\KnowledgeHunter\Library\ScriptAssemblies\Unity.PlasticSCM.Editor.dll
Symbol file LoadedFromMemory is not a mono symbol file
Symbol file data-000001C979EC9020 doesn't match image D:\FACULDADE\Mestrado\6º Ano\TJD\jogo\game_TJD\KnowledgeHunter\Library\ScriptAssemblies\Unity.Rider.Editor.dll
Symbol file LoadedFromMemory is not a mono symbol file
Symbol file data-000001C978C2C020 doesn't match image D:\FACULDADE\Mestrado\6º Ano\TJD\jogo\game_TJD\KnowledgeHunter\Library\ScriptAssemblies\UnityEngine.UI.dll
Symbol file LoadedFromMemory is not a mono symbol file
Native extension for WindowsStandalone target not found
Native extension for WebGL target not found
Refreshing native plugins compatible for Editor in 0.40 ms, found 2 plugins.
Preloading 0 native plugins for Editor in 0.00 ms.
Mono: successfully reloaded assembly
- Completed reload, in  1.523 seconds
Domain Reload Profiling:
	ReloadAssembly (1524ms)
		BeginReloadAssembly (183ms)
			ExecutionOrderSort (0ms)
			DisableScriptedObjects (8ms)
			BackupInstance (0ms)
			ReleaseScriptingObjects (0ms)
			CreateAndSetChildDomain (42ms)
		EndReloadAssembly (1260ms)
			LoadAssemblies (177ms)
			RebuildTransferFunctionScriptingTraits (0ms)
			SetupTypeCache (543ms)
			ReleaseScriptCaches (1ms)
			RebuildScriptCaches (57ms)
			SetupLoadedEditorAssemblies (393ms)
				LogAssemblyErrors (0ms)
				InitializePlatformSupportModulesInManaged (12ms)
				SetLoadedEditorAssemblies (1ms)
				RefreshPlugins (1ms)
				BeforeProcessingInitializeOnLoad (108ms)
				ProcessInitializeOnLoadAttributes (255ms)
				ProcessInitializeOnLoadMethodAttributes (12ms)
				AfterProcessingInitializeOnLoad (5ms)
				EditorAssembliesLoaded (0ms)
			ExecutionOrderSort2 (0ms)
			AwakeInstancesAfterBackupRestoration (10ms)
Platform modules already initialized, skipping
Refreshing native plugins compatible for Editor in 0.47 ms, found 2 plugins.
Preloading 0 native plugins for Editor in 0.00 ms.
Unloading 1693 Unused Serialized files (Serialized files now loaded: 0)
System memory in use before: 79.1 MB.
System memory in use after: 79.2 MB.

Unloading 12 unused Assets to reduce memory usage. Loaded Objects now: 2202.
Total: 3.465400 ms (FindLiveObjects: 0.324800 ms CreateObjectMapping: 0.083200 ms MarkObjects: 3.033000 ms  DeleteObjects: 0.022600 ms)

AssetImportParameters requested are different than current active one (requested -> active):
  custom:framework-win-MediaFoundation: 216162199b28c13a410421893ffa2e32 -> 
  custom:video-decoder-ogg-theora: a1e56fd34408186e4bbccfd4996cb3dc -> 
  custom:container-muxer-webm: aa71ff27fc2769a1b78a27578f13a17b -> 
  custom:container-demuxer-webm: 4f35f7cbe854078d1ac9338744f61a02 -> 
  custom:container-demuxer-ogg: 62fdf1f143b41e24485cea50d1cbac27 -> 
  custom:video-encoder-webm-vp8: eb34c28f22e8b96e1ab97ce403110664 -> 
  custom:video-decoder-webm-vp8: 9c59270c3fd7afecdb556c50c9e8de78 -> 
  custom:audio-decoder-ogg-vorbis: bf7c407c2cedff20999df2af8eb42d56 -> 
  custom:audio-encoder-webm-vorbis: bf7c407c2cedff20999df2af8eb42d56 -> 
========================================================================
Received Import Request.
  Time since last request: 425.745714 seconds.
  path: Assets/Scenes/Boss selection.unity
  artifactKey: Guid(eae4cadc34b957946b979dd9785783f3) Importer(815301076,1909f56bfc062723c751e8b465ee728b)
Start importing Assets/Scenes/Boss selection.unity using Guid(eae4cadc34b957946b979dd9785783f3) Importer(815301076,1909f56bfc062723c751e8b465ee728b)  -> (artifact id: 'd9cc6c0c0504454c21fd0e0b0a13effb') in 0.041793 seconds 
========================================================================
Received Prepare
Registering precompiled user dll's ...
Registered in 0.006320 seconds.
Begin MonoManager ReloadAssembly
Symbol file data-000001C9783A9020 doesn't match image D:\FACULDADE\Mestrado\6º Ano\TJD\jogo\game_TJD\KnowledgeHunter\Library\ScriptAssemblies\Unity.Services.Core.Editor.dll
Symbol file LoadedFromMemory is not a mono symbol file
Symbol file data-000001C97C294D40 doesn't match image D:\FACULDADE\Mestrado\6º Ano\TJD\jogo\game_TJD\KnowledgeHunter\Library\ScriptAssemblies\Cinemachine.dll
Symbol file LoadedFromMemory is not a mono symbol file
Symbol file data-000001C99EAF8020 doesn't match image D:\FACULDADE\Mestrado\6º Ano\TJD\jogo\game_TJD\KnowledgeHunter\Library\ScriptAssemblies\Unity.VSCode.Editor.dll
Symbol file LoadedFromMemory is not a mono symbol file
Symbol file data-000001C97BF4B050 doesn't match image D:\FACULDADE\Mestrado\6º Ano\TJD\jogo\game_TJD\KnowledgeHunter\Library\ScriptAssemblies\com.unity.cinemachine.editor.dll
Symbol file LoadedFromMemory is not a mono symbol file
Symbol file data-000001C97BF4B050 doesn't match image D:\FACULDADE\Mestrado\6º Ano\TJD\jogo\game_TJD\KnowledgeHunter\Library\ScriptAssemblies\Unity.TextMeshPro.Editor.dll
Symbol file LoadedFromMemory is not a mono symbol file
Symbol file data-000001C97D20C100 doesn't match image D:\FACULDADE\Mestrado\6º Ano\TJD\jogo\game_TJD\KnowledgeHunter\Library\ScriptAssemblies\Unity.VisualStudio.Editor.dll
Symbol file LoadedFromMemory is not a mono symbol file
Symbol file data-000001C978DCF460 doesn't match image D:\FACULDADE\Mestrado\6º Ano\TJD\jogo\game_TJD\KnowledgeHunter\Library\ScriptAssemblies\UnityEngine.TestRunner.dll
Symbol file LoadedFromMemory is not a mono symbol file
Symbol file data-000001C97C3C7040 doesn't match image D:\FACULDADE\Mestrado\6º Ano\TJD\jogo\game_TJD\KnowledgeHunter\Library\ScriptAssemblies\Unity.Timeline.Editor.dll
Symbol file LoadedFromMemory is not a mono symbol file
Symbol file data-000001C97BF4B050 doesn't match image D:\FACULDADE\Mestrado\6º Ano\TJD\jogo\game_TJD\KnowledgeHunter\Library\ScriptAssemblies\Unity.Timeline.dll
Symbol file LoadedFromMemory is not a mono symbol file
Symbol file data-000001C97B98B1A0 doesn't match image D:\FACULDADE\Mestrado\6º Ano\TJD\jogo\game_TJD\KnowledgeHunter\Library\ScriptAssemblies\Unity.TextMeshPro.dll
Symbol file LoadedFromMemory is not a mono symbol file
Symbol file data-000001C978DCF460 doesn't match image D:\FACULDADE\Mestrado\6º Ano\TJD\jogo\game_TJD\KnowledgeHunter\Library\ScriptAssemblies\Unity.CollabProxy.Editor.dll
Symbol file LoadedFromMemory is not a mono symbol file
Symbol file data-000001C97B8CB020 doesn't match image D:\FACULDADE\Mestrado\6º Ano\TJD\jogo\game_TJD\KnowledgeHunter\Library\ScriptAssemblies\UnityEditor.TestRunner.dll
Symbol file LoadedFromMemory is not a mono symbol file
Symbol file data-000001C97D20C100 doesn't match image D:\FACULDADE\Mestrado\6º Ano\TJD\jogo\game_TJD\KnowledgeHunter\Library\ScriptAssemblies\UnityEditor.UI.dll
Symbol file LoadedFromMemory is not a mono symbol file
Symbol file data-000001C97CE8B010 doesn't match image D:\FACULDADE\Mestrado\6º Ano\TJD\jogo\game_TJD\KnowledgeHunter\Library\ScriptAssemblies\Unity.PlasticSCM.Editor.dll
Symbol file LoadedFromMemory is not a mono symbol file
Symbol file data-000001C9783A9020 doesn't match image D:\FACULDADE\Mestrado\6º Ano\TJD\jogo\game_TJD\KnowledgeHunter\Library\ScriptAssemblies\Unity.Rider.Editor.dll
Symbol file LoadedFromMemory is not a mono symbol file
Symbol file data-000001C978C2C020 doesn't match image D:\FACULDADE\Mestrado\6º Ano\TJD\jogo\game_TJD\KnowledgeHunter\Library\ScriptAssemblies\UnityEngine.UI.dll
Symbol file LoadedFromMemory is not a mono symbol file
Native extension for WindowsStandalone target not found
Native extension for WebGL target not found
Refreshing native plugins compatible for Editor in 0.87 ms, found 2 plugins.
Preloading 0 native plugins for Editor in 0.00 ms.
Mono: successfully reloaded assembly
- Completed reload, in  1.453 seconds
Domain Reload Profiling:
	ReloadAssembly (1454ms)
		BeginReloadAssembly (202ms)
			ExecutionOrderSort (0ms)
			DisableScriptedObjects (7ms)
			BackupInstance (0ms)
			ReleaseScriptingObjects (0ms)
			CreateAndSetChildDomain (44ms)
		EndReloadAssembly (1175ms)
			LoadAssemblies (185ms)
			RebuildTransferFunctionScriptingTraits (0ms)
			SetupTypeCache (364ms)
			ReleaseScriptCaches (1ms)
			RebuildScriptCaches (60ms)
			SetupLoadedEditorAssemblies (423ms)
				LogAssemblyErrors (0ms)
				InitializePlatformSupportModulesInManaged (8ms)
				SetLoadedEditorAssemblies (1ms)
				RefreshPlugins (1ms)
				BeforeProcessingInitializeOnLoad (101ms)
				ProcessInitializeOnLoadAttributes (296ms)
				ProcessInitializeOnLoadMethodAttributes (11ms)
				AfterProcessingInitializeOnLoad (4ms)
				EditorAssembliesLoaded (0ms)
			ExecutionOrderSort2 (0ms)
			AwakeInstancesAfterBackupRestoration (8ms)
Platform modules already initialized, skipping
Refreshing native plugins compatible for Editor in 0.48 ms, found 2 plugins.
Preloading 0 native plugins for Editor in 0.00 ms.
Unloading 1693 Unused Serialized files (Serialized files now loaded: 0)
System memory in use before: 79.1 MB.
System memory in use after: 79.2 MB.

Unloading 12 unused Assets to reduce memory usage. Loaded Objects now: 2204.
Total: 3.236200 ms (FindLiveObjects: 0.138100 ms CreateObjectMapping: 0.060200 ms MarkObjects: 2.952200 ms  DeleteObjects: 0.084900 ms)

AssetImportParameters requested are different than current active one (requested -> active):
  custom:framework-win-MediaFoundation: 216162199b28c13a410421893ffa2e32 -> 
  custom:video-decoder-ogg-theora: a1e56fd34408186e4bbccfd4996cb3dc -> 
  custom:container-muxer-webm: aa71ff27fc2769a1b78a27578f13a17b -> 
  custom:container-demuxer-webm: 4f35f7cbe854078d1ac9338744f61a02 -> 
  custom:container-demuxer-ogg: 62fdf1f143b41e24485cea50d1cbac27 -> 
  custom:video-encoder-webm-vp8: eb34c28f22e8b96e1ab97ce403110664 -> 
  custom:video-decoder-webm-vp8: 9c59270c3fd7afecdb556c50c9e8de78 -> 
  custom:audio-decoder-ogg-vorbis: bf7c407c2cedff20999df2af8eb42d56 -> 
  custom:audio-encoder-webm-vorbis: bf7c407c2cedff20999df2af8eb42d56 -> 
AssetImportWorkerClient::OnTransportError - code=2 error=End of file
