Using pre-set license
Built from '2020.3/staging' branch; Version is '2020.3.30f1 (1fb1bf06830e) revision 2077119'; Using compiler version '192528614'; Build Type 'Release'
OS: 'Windows 10  (10.0.19044) 64bit Core' Language: 'pt' Physical Memory: 8088 MB
BatchMode: 1, IsHumanControllingUs: 0, StartBugReporterOnCrash: 0, Is64bit: 1, IsPro: 0

COMMAND LINE ARGUMENTS:
D:\Program Files (x86)\2020.3.30f1\Editor\Unity.exe
-adb2
-batchMode
-noUpm
-name
AssetImportWorker4
-projectPath
D:/FACULDADE/Mestrado/6º Ano/TJD/jogo/game_TJD/KnowledgeHunter
-logFile
Logs/AssetImportWorker4.log
-srvPort
57434
Successfully changed project path to: D:/FACULDADE/Mestrado/6º Ano/TJD/jogo/game_TJD/KnowledgeHunter
D:/FACULDADE/Mestrado/6º Ano/TJD/jogo/game_TJD/KnowledgeHunter
Using Asset Import Pipeline V2.
Refreshing native plugins compatible for Editor in 91.94 ms, found 2 plugins.
Preloading 0 native plugins for Editor in 0.00 ms.
Initialize engine version: 2020.3.30f1 (1fb1bf06830e)
[Subsystems] Discovering subsystems at path D:/Program Files (x86)/2020.3.30f1/Editor/Data/Resources/UnitySubsystems
[Subsystems] Discovering subsystems at path D:/FACULDADE/Mestrado/6º Ano/TJD/jogo/game_TJD/KnowledgeHunter/Assets
GfxDevice: creating device client; threaded=0
Direct3D:
    Version:  Direct3D 11.0 [level 11.0]
    Renderer: NVIDIA GeForce GTX 950M (ID=0x139a)
    Vendor:   
    VRAM:     4055 MB
    Driver:   31.0.15.1659
Initialize mono
Mono path[0] = 'D:/Program Files (x86)/2020.3.30f1/Editor/Data/Managed'
Mono path[1] = 'D:/Program Files (x86)/2020.3.30f1/Editor/Data/MonoBleedingEdge/lib/mono/unityjit'
Mono config path = 'D:/Program Files (x86)/2020.3.30f1/Editor/Data/MonoBleedingEdge/etc'
Using monoOptions --debugger-agent=transport=dt_socket,embedding=1,server=y,suspend=n,address=127.0.0.1:56580
Begin MonoManager ReloadAssembly
Registering precompiled unity dll's ...
Register platform support module: D:/Program Files (x86)/2020.3.30f1/Editor/Data/PlaybackEngines/WebGLSupport/UnityEditor.WebGL.Extensions.dll
Register platform support module: D:/Program Files (x86)/2020.3.30f1/Editor/Data/PlaybackEngines/WindowsStandaloneSupport/UnityEditor.WindowsStandalone.Extensions.dll
Registered in 0.003047 seconds.
Native extension for WindowsStandalone target not found
Native extension for WebGL target not found
Refreshing native plugins compatible for Editor in 104.71 ms, found 2 plugins.
Preloading 0 native plugins for Editor in 0.00 ms.
Unable to find bridge dll in registry for Microsoft Visual Studio Tools for Unity for C:\Program Files (x86)\Microsoft Visual Studio\2019\Community\Common7\IDE\devenv.exe
Mono: successfully reloaded assembly
- Completed reload, in  2.549 seconds
Domain Reload Profiling:
	ReloadAssembly (2550ms)
		BeginReloadAssembly (197ms)
			ExecutionOrderSort (0ms)
			DisableScriptedObjects (0ms)
			BackupInstance (0ms)
			ReleaseScriptingObjects (0ms)
			CreateAndSetChildDomain (1ms)
		EndReloadAssembly (2217ms)
			LoadAssemblies (198ms)
			RebuildTransferFunctionScriptingTraits (0ms)
			SetupTypeCache (781ms)
			ReleaseScriptCaches (0ms)
			RebuildScriptCaches (170ms)
			SetupLoadedEditorAssemblies (556ms)
				LogAssemblyErrors (0ms)
				InitializePlatformSupportModulesInManaged (18ms)
				SetLoadedEditorAssemblies (0ms)
				RefreshPlugins (105ms)
				BeforeProcessingInitializeOnLoad (38ms)
				ProcessInitializeOnLoadAttributes (247ms)
				ProcessInitializeOnLoadMethodAttributes (147ms)
				AfterProcessingInitializeOnLoad (0ms)
				EditorAssembliesLoaded (0ms)
			ExecutionOrderSort2 (0ms)
			AwakeInstancesAfterBackupRestoration (0ms)
Platform modules already initialized, skipping
Registering precompiled user dll's ...
Registered in 0.039183 seconds.
Begin MonoManager ReloadAssembly
Symbol file data-00000181013700C0 doesn't match image D:\FACULDADE\Mestrado\6º Ano\TJD\jogo\game_TJD\KnowledgeHunter\Library\ScriptAssemblies\Unity.Services.Core.Editor.dll
Symbol file LoadedFromMemory is not a mono symbol file
Symbol file data-000001810128C010 doesn't match image D:\FACULDADE\Mestrado\6º Ano\TJD\jogo\game_TJD\KnowledgeHunter\Library\ScriptAssemblies\Cinemachine.dll
Symbol file LoadedFromMemory is not a mono symbol file
Symbol file data-0000018102579820 doesn't match image D:\FACULDADE\Mestrado\6º Ano\TJD\jogo\game_TJD\KnowledgeHunter\Library\ScriptAssemblies\Unity.VSCode.Editor.dll
Symbol file LoadedFromMemory is not a mono symbol file
Symbol file data-00000181012BB220 doesn't match image D:\FACULDADE\Mestrado\6º Ano\TJD\jogo\game_TJD\KnowledgeHunter\Library\ScriptAssemblies\com.unity.cinemachine.editor.dll
Symbol file LoadedFromMemory is not a mono symbol file
Symbol file data-00000181012BB220 doesn't match image D:\FACULDADE\Mestrado\6º Ano\TJD\jogo\game_TJD\KnowledgeHunter\Library\ScriptAssemblies\Unity.TextMeshPro.Editor.dll
Symbol file LoadedFromMemory is not a mono symbol file
Symbol file data-00000181017257D0 doesn't match image D:\FACULDADE\Mestrado\6º Ano\TJD\jogo\game_TJD\KnowledgeHunter\Library\ScriptAssemblies\Unity.VisualStudio.Editor.dll
Symbol file LoadedFromMemory is not a mono symbol file
Symbol file data-00000181014BD220 doesn't match image D:\FACULDADE\Mestrado\6º Ano\TJD\jogo\game_TJD\KnowledgeHunter\Library\ScriptAssemblies\UnityEngine.TestRunner.dll
Symbol file LoadedFromMemory is not a mono symbol file
Symbol file data-0000018101697010 doesn't match image D:\FACULDADE\Mestrado\6º Ano\TJD\jogo\game_TJD\KnowledgeHunter\Library\ScriptAssemblies\Unity.Timeline.Editor.dll
Symbol file LoadedFromMemory is not a mono symbol file
Symbol file data-0000018101461A30 doesn't match image D:\FACULDADE\Mestrado\6º Ano\TJD\jogo\game_TJD\KnowledgeHunter\Library\ScriptAssemblies\Unity.Timeline.dll
Symbol file LoadedFromMemory is not a mono symbol file
Symbol file data-00000182FD4A2490 doesn't match image D:\FACULDADE\Mestrado\6º Ano\TJD\jogo\game_TJD\KnowledgeHunter\Library\ScriptAssemblies\Unity.TextMeshPro.dll
Symbol file LoadedFromMemory is not a mono symbol file
Symbol file data-0000018101461A30 doesn't match image D:\FACULDADE\Mestrado\6º Ano\TJD\jogo\game_TJD\KnowledgeHunter\Library\ScriptAssemblies\Unity.CollabProxy.Editor.dll
Symbol file LoadedFromMemory is not a mono symbol file
Symbol file data-0000018101461A30 doesn't match image D:\FACULDADE\Mestrado\6º Ano\TJD\jogo\game_TJD\KnowledgeHunter\Library\ScriptAssemblies\UnityEditor.TestRunner.dll
Symbol file LoadedFromMemory is not a mono symbol file
Symbol file data-0000018101461A30 doesn't match image D:\FACULDADE\Mestrado\6º Ano\TJD\jogo\game_TJD\KnowledgeHunter\Library\ScriptAssemblies\Unity.2D.Sprite.Editor.dll
Symbol file LoadedFromMemory is not a mono symbol file
Symbol file data-00000181017257D0 doesn't match image D:\FACULDADE\Mestrado\6º Ano\TJD\jogo\game_TJD\KnowledgeHunter\Library\ScriptAssemblies\UnityEditor.UI.dll
Symbol file LoadedFromMemory is not a mono symbol file
Symbol file data-0000018101D40080 doesn't match image D:\FACULDADE\Mestrado\6º Ano\TJD\jogo\game_TJD\KnowledgeHunter\Library\ScriptAssemblies\Unity.PlasticSCM.Editor.dll
Symbol file LoadedFromMemory is not a mono symbol file
Symbol file data-00000181013700C0 doesn't match image D:\FACULDADE\Mestrado\6º Ano\TJD\jogo\game_TJD\KnowledgeHunter\Library\ScriptAssemblies\Unity.Rider.Editor.dll
Symbol file LoadedFromMemory is not a mono symbol file
Symbol file data-00000182FD4CAAA0 doesn't match image D:\FACULDADE\Mestrado\6º Ano\TJD\jogo\game_TJD\KnowledgeHunter\Library\ScriptAssemblies\UnityEngine.UI.dll
Symbol file LoadedFromMemory is not a mono symbol file
Native extension for WindowsStandalone target not found
Native extension for WebGL target not found
Refreshing native plugins compatible for Editor in 2.19 ms, found 2 plugins.
Preloading 0 native plugins for Editor in 0.00 ms.
Mono: successfully reloaded assembly
- Completed reload, in  3.832 seconds
Domain Reload Profiling:
	ReloadAssembly (3838ms)
		BeginReloadAssembly (473ms)
			ExecutionOrderSort (0ms)
			DisableScriptedObjects (26ms)
			BackupInstance (0ms)
			ReleaseScriptingObjects (1ms)
			CreateAndSetChildDomain (40ms)
		EndReloadAssembly (3232ms)
			LoadAssemblies (930ms)
			RebuildTransferFunctionScriptingTraits (0ms)
			SetupTypeCache (1293ms)
			ReleaseScriptCaches (1ms)
			RebuildScriptCaches (200ms)
			SetupLoadedEditorAssemblies (646ms)
				LogAssemblyErrors (0ms)
				InitializePlatformSupportModulesInManaged (8ms)
				SetLoadedEditorAssemblies (2ms)
				RefreshPlugins (2ms)
				BeforeProcessingInitializeOnLoad (133ms)
				ProcessInitializeOnLoadAttributes (431ms)
				ProcessInitializeOnLoadMethodAttributes (61ms)
				AfterProcessingInitializeOnLoad (9ms)
				EditorAssembliesLoaded (0ms)
			ExecutionOrderSort2 (0ms)
			AwakeInstancesAfterBackupRestoration (10ms)
Platform modules already initialized, skipping
========================================================================
Worker process is ready to serve import requests
Launched and connected shader compiler UnityShaderCompiler.exe after 0.35 seconds
Refreshing native plugins compatible for Editor in 0.55 ms, found 2 plugins.
Preloading 0 native plugins for Editor in 0.00 ms.
Unloading 1764 Unused Serialized files (Serialized files now loaded: 0)
System memory in use before: 85.2 MB.
System memory in use after: 85.3 MB.

Unloading 17 unused Assets to reduce memory usage. Loaded Objects now: 2211.
Total: 11.008000 ms (FindLiveObjects: 0.167300 ms CreateObjectMapping: 0.073100 ms MarkObjects: 10.357100 ms  DeleteObjects: 0.408700 ms)

AssetImportParameters requested are different than current active one (requested -> active):
  custom:framework-win-MediaFoundation: 216162199b28c13a410421893ffa2e32 -> 
  custom:video-decoder-ogg-theora: a1e56fd34408186e4bbccfd4996cb3dc -> 
  custom:container-muxer-webm: aa71ff27fc2769a1b78a27578f13a17b -> 
  custom:container-demuxer-webm: 4f35f7cbe854078d1ac9338744f61a02 -> 
  custom:container-demuxer-ogg: 62fdf1f143b41e24485cea50d1cbac27 -> 
  custom:video-encoder-webm-vp8: eb34c28f22e8b96e1ab97ce403110664 -> 
  custom:video-decoder-webm-vp8: 9c59270c3fd7afecdb556c50c9e8de78 -> 
  custom:audio-decoder-ogg-vorbis: bf7c407c2cedff20999df2af8eb42d56 -> 
  custom:audio-encoder-webm-vorbis: bf7c407c2cedff20999df2af8eb42d56 -> 
========================================================================
Received Import Request.
  path: Assets/Scripts/InteractionSystem/Interactor.cs
  artifactKey: Guid(26b2bcd0e92b8ae4c97b2fbe6d5b2013) Importer(815301076,1909f56bfc062723c751e8b465ee728b)
Start importing Assets/Scripts/InteractionSystem/Interactor.cs using Guid(26b2bcd0e92b8ae4c97b2fbe6d5b2013) Importer(815301076,1909f56bfc062723c751e8b465ee728b)  -> (artifact id: '234919c1d620354caecd30279c7b785c') in 0.130220 seconds 
========================================================================
Received Import Request.
  Time since last request: 1.168737 seconds.
  path: Assets/Scripts/InteractionSystem/InteractionPrompt.cs
  artifactKey: Guid(b9e61b36add4e4d41ae152c6803ddb23) Importer(815301076,1909f56bfc062723c751e8b465ee728b)
Start importing Assets/Scripts/InteractionSystem/InteractionPrompt.cs using Guid(b9e61b36add4e4d41ae152c6803ddb23) Importer(815301076,1909f56bfc062723c751e8b465ee728b)  -> (artifact id: '83dff02a73b433e72a53573396a0bf53') in 0.018717 seconds 
========================================================================
Received Import Request.
  Time since last request: 3.320623 seconds.
  path: Assets/Scripts/InteractionSystem/InteractableObjs
  artifactKey: Guid(18844c1c336420245a325b7c8a7b9f3c) Importer(815301076,1909f56bfc062723c751e8b465ee728b)
Start importing Assets/Scripts/InteractionSystem/InteractableObjs using Guid(18844c1c336420245a325b7c8a7b9f3c) Importer(815301076,1909f56bfc062723c751e8b465ee728b)  -> (artifact id: '937f290ab9f3793b68d49c7a63a741b2') in 0.037701 seconds 
========================================================================
Received Import Request.
  Time since last request: 34.129239 seconds.
  path: Assets/telAtivo 3@4x.png
  artifactKey: Guid(7fdb3f2b291c0ec499d362c163ac2d51) Importer(815301076,1909f56bfc062723c751e8b465ee728b)
Start importing Assets/telAtivo 3@4x.png using Guid(7fdb3f2b291c0ec499d362c163ac2d51) Importer(815301076,1909f56bfc062723c751e8b465ee728b)  -> (artifact id: '8c00befc907808158d74f3fad088e252') in 1.016712 seconds 
========================================================================
Received Import Request.
  Time since last request: 0.000786 seconds.
  path: Assets/telAtivo 4@4x.png
  artifactKey: Guid(153ec6b246a86ff4ea676ae1bd12b924) Importer(815301076,1909f56bfc062723c751e8b465ee728b)
Start importing Assets/telAtivo 4@4x.png using Guid(153ec6b246a86ff4ea676ae1bd12b924) Importer(815301076,1909f56bfc062723c751e8b465ee728b)  -> (artifact id: '821b80290c5253653058b0f6fa9effcb') in 0.242383 seconds 
========================================================================
Received Import Request.
  Time since last request: 1.862163 seconds.
  path: Assets/Inventory
  artifactKey: Guid(f098e79fdbba8b44193df70d2bd2ea75) Importer(815301076,1909f56bfc062723c751e8b465ee728b)
Start importing Assets/Inventory using Guid(f098e79fdbba8b44193df70d2bd2ea75) Importer(815301076,1909f56bfc062723c751e8b465ee728b)  -> (artifact id: '9952125ca45a76adead45dc26f9f94c1') in 0.003819 seconds 
========================================================================
Received Import Request.
  Time since last request: 0.001901 seconds.
  path: Assets/Inventory/InventorySlot.prefab
  artifactKey: Guid(93637be036a1ff64cb758b504c93e66f) Importer(815301076,1909f56bfc062723c751e8b465ee728b)
Start importing Assets/Inventory/InventorySlot.prefab using Guid(93637be036a1ff64cb758b504c93e66f) Importer(815301076,1909f56bfc062723c751e8b465ee728b)  -> (artifact id: '52eacf39d700b319ff65995a05d39e69') in 0.118483 seconds 
========================================================================
Received Import Request.
  Time since last request: 1.801721 seconds.
  path: Assets/Inventory/Inventory.cs
  artifactKey: Guid(86284332d0cb9154b85e5468e370334c) Importer(815301076,1909f56bfc062723c751e8b465ee728b)
Start importing Assets/Inventory/Inventory.cs using Guid(86284332d0cb9154b85e5468e370334c) Importer(815301076,1909f56bfc062723c751e8b465ee728b)  -> (artifact id: '99fe46944a66b83d2983275f90c58e71') in 0.056055 seconds 
========================================================================
Received Prepare
Registering precompiled user dll's ...
Registered in 0.015957 seconds.
Begin MonoManager ReloadAssembly
Symbol file data-00000181052A6940 doesn't match image D:\FACULDADE\Mestrado\6º Ano\TJD\jogo\game_TJD\KnowledgeHunter\Library\ScriptAssemblies\Unity.Services.Core.Editor.dll
Symbol file LoadedFromMemory is not a mono symbol file
Symbol file data-0000018100F05F80 doesn't match image D:\FACULDADE\Mestrado\6º Ano\TJD\jogo\game_TJD\KnowledgeHunter\Library\ScriptAssemblies\Cinemachine.dll
Symbol file LoadedFromMemory is not a mono symbol file
Symbol file data-000001810121F020 doesn't match image D:\FACULDADE\Mestrado\6º Ano\TJD\jogo\game_TJD\KnowledgeHunter\Library\ScriptAssemblies\Unity.VSCode.Editor.dll
Symbol file LoadedFromMemory is not a mono symbol file
Symbol file data-000001810249EC80 doesn't match image D:\FACULDADE\Mestrado\6º Ano\TJD\jogo\game_TJD\KnowledgeHunter\Library\ScriptAssemblies\com.unity.cinemachine.editor.dll
Symbol file LoadedFromMemory is not a mono symbol file
Symbol file data-000001810249EC80 doesn't match image D:\FACULDADE\Mestrado\6º Ano\TJD\jogo\game_TJD\KnowledgeHunter\Library\ScriptAssemblies\Unity.TextMeshPro.Editor.dll
Symbol file LoadedFromMemory is not a mono symbol file
Symbol file data-00000181012B4420 doesn't match image D:\FACULDADE\Mestrado\6º Ano\TJD\jogo\game_TJD\KnowledgeHunter\Library\ScriptAssemblies\Unity.VisualStudio.Editor.dll
Symbol file LoadedFromMemory is not a mono symbol file
Symbol file data-0000018101369C20 doesn't match image D:\FACULDADE\Mestrado\6º Ano\TJD\jogo\game_TJD\KnowledgeHunter\Library\ScriptAssemblies\UnityEngine.TestRunner.dll
Symbol file LoadedFromMemory is not a mono symbol file
Symbol file data-00000182FCE43C40 doesn't match image D:\FACULDADE\Mestrado\6º Ano\TJD\jogo\game_TJD\KnowledgeHunter\Library\ScriptAssemblies\Unity.Timeline.Editor.dll
Symbol file LoadedFromMemory is not a mono symbol file
Symbol file data-000001810249EC80 doesn't match image D:\FACULDADE\Mestrado\6º Ano\TJD\jogo\game_TJD\KnowledgeHunter\Library\ScriptAssemblies\Unity.Timeline.dll
Symbol file LoadedFromMemory is not a mono symbol file
Symbol file data-0000018100AD3910 doesn't match image D:\FACULDADE\Mestrado\6º Ano\TJD\jogo\game_TJD\KnowledgeHunter\Library\ScriptAssemblies\Unity.TextMeshPro.dll
Symbol file LoadedFromMemory is not a mono symbol file
Symbol file data-000001810249EC80 doesn't match image D:\FACULDADE\Mestrado\6º Ano\TJD\jogo\game_TJD\KnowledgeHunter\Library\ScriptAssemblies\Unity.CollabProxy.Editor.dll
Symbol file LoadedFromMemory is not a mono symbol file
Symbol file data-0000018101F49220 doesn't match image D:\FACULDADE\Mestrado\6º Ano\TJD\jogo\game_TJD\KnowledgeHunter\Library\ScriptAssemblies\UnityEditor.TestRunner.dll
Symbol file LoadedFromMemory is not a mono symbol file
Symbol file data-000001810249EC80 doesn't match image D:\FACULDADE\Mestrado\6º Ano\TJD\jogo\game_TJD\KnowledgeHunter\Library\ScriptAssemblies\Unity.2D.Sprite.Editor.dll
Symbol file LoadedFromMemory is not a mono symbol file
Symbol file data-00000181012B4420 doesn't match image D:\FACULDADE\Mestrado\6º Ano\TJD\jogo\game_TJD\KnowledgeHunter\Library\ScriptAssemblies\UnityEditor.UI.dll
Symbol file LoadedFromMemory is not a mono symbol file
Symbol file data-00000182FCB40690 doesn't match image D:\FACULDADE\Mestrado\6º Ano\TJD\jogo\game_TJD\KnowledgeHunter\Library\ScriptAssemblies\Unity.PlasticSCM.Editor.dll
Symbol file LoadedFromMemory is not a mono symbol file
Symbol file data-00000182FCE9FC30 doesn't match image D:\FACULDADE\Mestrado\6º Ano\TJD\jogo\game_TJD\KnowledgeHunter\Library\ScriptAssemblies\Unity.Rider.Editor.dll
Symbol file LoadedFromMemory is not a mono symbol file
Symbol file data-0000018101459220 doesn't match image D:\FACULDADE\Mestrado\6º Ano\TJD\jogo\game_TJD\KnowledgeHunter\Library\ScriptAssemblies\UnityEngine.UI.dll
Symbol file LoadedFromMemory is not a mono symbol file
Native extension for WindowsStandalone target not found
Native extension for WebGL target not found
Refreshing native plugins compatible for Editor in 0.48 ms, found 2 plugins.
Preloading 0 native plugins for Editor in 0.00 ms.
Mono: successfully reloaded assembly
- Completed reload, in  2.844 seconds
Domain Reload Profiling:
	ReloadAssembly (2845ms)
		BeginReloadAssembly (243ms)
			ExecutionOrderSort (0ms)
			DisableScriptedObjects (6ms)
			BackupInstance (0ms)
			ReleaseScriptingObjects (0ms)
			CreateAndSetChildDomain (60ms)
		EndReloadAssembly (2503ms)
			LoadAssemblies (440ms)
			RebuildTransferFunctionScriptingTraits (0ms)
			SetupTypeCache (516ms)
			ReleaseScriptCaches (1ms)
			RebuildScriptCaches (69ms)
			SetupLoadedEditorAssemblies (1366ms)
				LogAssemblyErrors (0ms)
				InitializePlatformSupportModulesInManaged (11ms)
				SetLoadedEditorAssemblies (1ms)
				RefreshPlugins (1ms)
				BeforeProcessingInitializeOnLoad (155ms)
				ProcessInitializeOnLoadAttributes (1170ms)
				ProcessInitializeOnLoadMethodAttributes (23ms)
				AfterProcessingInitializeOnLoad (5ms)
				EditorAssembliesLoaded (0ms)
			ExecutionOrderSort2 (0ms)
			AwakeInstancesAfterBackupRestoration (18ms)
Platform modules already initialized, skipping
Refreshing native plugins compatible for Editor in 0.49 ms, found 2 plugins.
Preloading 0 native plugins for Editor in 0.00 ms.
Unloading 1743 Unused Serialized files (Serialized files now loaded: 0)
System memory in use before: 86.7 MB.
System memory in use after: 86.8 MB.

Unloading 12 unused Assets to reduce memory usage. Loaded Objects now: 2219.
Total: 9.270600 ms (FindLiveObjects: 0.276400 ms CreateObjectMapping: 0.090900 ms MarkObjects: 8.874300 ms  DeleteObjects: 0.027400 ms)

AssetImportParameters requested are different than current active one (requested -> active):
  custom:framework-win-MediaFoundation: 216162199b28c13a410421893ffa2e32 -> 
  custom:video-decoder-ogg-theora: a1e56fd34408186e4bbccfd4996cb3dc -> 
  custom:container-muxer-webm: aa71ff27fc2769a1b78a27578f13a17b -> 
  custom:container-demuxer-webm: 4f35f7cbe854078d1ac9338744f61a02 -> 
  custom:container-demuxer-ogg: 62fdf1f143b41e24485cea50d1cbac27 -> 
  custom:video-encoder-webm-vp8: eb34c28f22e8b96e1ab97ce403110664 -> 
  custom:video-decoder-webm-vp8: 9c59270c3fd7afecdb556c50c9e8de78 -> 
  custom:audio-decoder-ogg-vorbis: bf7c407c2cedff20999df2af8eb42d56 -> 
  custom:audio-encoder-webm-vorbis: bf7c407c2cedff20999df2af8eb42d56 -> 
========================================================================
Received Import Request.
  Time since last request: 65.719976 seconds.
  path: Assets/Inventory/Inventory.cs
  artifactKey: Guid(86284332d0cb9154b85e5468e370334c) Importer(815301076,1909f56bfc062723c751e8b465ee728b)
Start importing Assets/Inventory/Inventory.cs using Guid(86284332d0cb9154b85e5468e370334c) Importer(815301076,1909f56bfc062723c751e8b465ee728b)  -> (artifact id: 'ec471a89c26a4f061f870289e1d1c937') in 0.013585 seconds 
========================================================================
Received Import Request.
  Time since last request: 0.832686 seconds.
  path: Assets/Inventory/InventoryUI.cs
  artifactKey: Guid(2b585dd2ab2b94b4188ce228d04faeec) Importer(815301076,1909f56bfc062723c751e8b465ee728b)
Start importing Assets/Inventory/InventoryUI.cs using Guid(2b585dd2ab2b94b4188ce228d04faeec) Importer(815301076,1909f56bfc062723c751e8b465ee728b)  -> (artifact id: 'f2c50b9fe3c3b3a5e3c10222560f1494') in 0.024932 seconds 
========================================================================
Received Import Request.
  Time since last request: 8.023383 seconds.
  path: Assets/Inventory/InventoryUI.cs
  artifactKey: Guid(2b585dd2ab2b94b4188ce228d04faeec) Importer(815301076,1909f56bfc062723c751e8b465ee728b)
Start importing Assets/Inventory/InventoryUI.cs using Guid(2b585dd2ab2b94b4188ce228d04faeec) Importer(815301076,1909f56bfc062723c751e8b465ee728b)  -> (artifact id: '5399bf31c960119897233433d7075df3') in 0.026248 seconds 
========================================================================
Received Import Request.
  Time since last request: 70.170367 seconds.
  path: Assets/Inventory/Item.cs
  artifactKey: Guid(df832890186b0b741884753ed86aa563) Importer(815301076,1909f56bfc062723c751e8b465ee728b)
Start importing Assets/Inventory/Item.cs using Guid(df832890186b0b741884753ed86aa563) Importer(815301076,1909f56bfc062723c751e8b465ee728b)  -> (artifact id: '6204aeae888f520d5944085d415ec449') in 0.015009 seconds 
========================================================================
Received Prepare
Registering precompiled user dll's ...
Registered in 0.004991 seconds.
Begin MonoManager ReloadAssembly
Symbol file data-0000018105265010 doesn't match image D:\FACULDADE\Mestrado\6º Ano\TJD\jogo\game_TJD\KnowledgeHunter\Library\ScriptAssemblies\Unity.Services.Core.Editor.dll
Symbol file LoadedFromMemory is not a mono symbol file
Symbol file data-000001810253C030 doesn't match image D:\FACULDADE\Mestrado\6º Ano\TJD\jogo\game_TJD\KnowledgeHunter\Library\ScriptAssemblies\Cinemachine.dll
Symbol file LoadedFromMemory is not a mono symbol file
Symbol file data-00000182FD169750 doesn't match image D:\FACULDADE\Mestrado\6º Ano\TJD\jogo\game_TJD\KnowledgeHunter\Library\ScriptAssemblies\Unity.VSCode.Editor.dll
Symbol file LoadedFromMemory is not a mono symbol file
Symbol file data-00000181016C6430 doesn't match image D:\FACULDADE\Mestrado\6º Ano\TJD\jogo\game_TJD\KnowledgeHunter\Library\ScriptAssemblies\com.unity.cinemachine.editor.dll
Symbol file LoadedFromMemory is not a mono symbol file
Symbol file data-000001810173F010 doesn't match image D:\FACULDADE\Mestrado\6º Ano\TJD\jogo\game_TJD\KnowledgeHunter\Library\ScriptAssemblies\Unity.TextMeshPro.Editor.dll
Symbol file LoadedFromMemory is not a mono symbol file
Symbol file data-00000181012B4420 doesn't match image D:\FACULDADE\Mestrado\6º Ano\TJD\jogo\game_TJD\KnowledgeHunter\Library\ScriptAssemblies\Unity.VisualStudio.Editor.dll
Symbol file LoadedFromMemory is not a mono symbol file
Symbol file data-00000182FCDCF750 doesn't match image D:\FACULDADE\Mestrado\6º Ano\TJD\jogo\game_TJD\KnowledgeHunter\Library\ScriptAssemblies\UnityEngine.TestRunner.dll
Symbol file LoadedFromMemory is not a mono symbol file
Symbol file data-00000182FD266A70 doesn't match image D:\FACULDADE\Mestrado\6º Ano\TJD\jogo\game_TJD\KnowledgeHunter\Library\ScriptAssemblies\Unity.Timeline.Editor.dll
Symbol file LoadedFromMemory is not a mono symbol file
Symbol file data-00000182FCDCF750 doesn't match image D:\FACULDADE\Mestrado\6º Ano\TJD\jogo\game_TJD\KnowledgeHunter\Library\ScriptAssemblies\Unity.Timeline.dll
Symbol file LoadedFromMemory is not a mono symbol file
Symbol file data-00000181014EC020 doesn't match image D:\FACULDADE\Mestrado\6º Ano\TJD\jogo\game_TJD\KnowledgeHunter\Library\ScriptAssemblies\Unity.TextMeshPro.dll
Symbol file LoadedFromMemory is not a mono symbol file
Symbol file data-00000182FCDCF750 doesn't match image D:\FACULDADE\Mestrado\6º Ano\TJD\jogo\game_TJD\KnowledgeHunter\Library\ScriptAssemblies\Unity.CollabProxy.Editor.dll
Symbol file LoadedFromMemory is not a mono symbol file
Symbol file data-00000182FD4D06A0 doesn't match image D:\FACULDADE\Mestrado\6º Ano\TJD\jogo\game_TJD\KnowledgeHunter\Library\ScriptAssemblies\UnityEditor.TestRunner.dll
Symbol file LoadedFromMemory is not a mono symbol file
Symbol file data-00000181016C6430 doesn't match image D:\FACULDADE\Mestrado\6º Ano\TJD\jogo\game_TJD\KnowledgeHunter\Library\ScriptAssemblies\Unity.2D.Sprite.Editor.dll
Symbol file LoadedFromMemory is not a mono symbol file
Symbol file data-00000181012B4420 doesn't match image D:\FACULDADE\Mestrado\6º Ano\TJD\jogo\game_TJD\KnowledgeHunter\Library\ScriptAssemblies\UnityEditor.UI.dll
Symbol file LoadedFromMemory is not a mono symbol file
Symbol file data-0000018101486010 doesn't match image D:\FACULDADE\Mestrado\6º Ano\TJD\jogo\game_TJD\KnowledgeHunter\Library\ScriptAssemblies\Unity.PlasticSCM.Editor.dll
Symbol file LoadedFromMemory is not a mono symbol file
Symbol file data-0000018105265010 doesn't match image D:\FACULDADE\Mestrado\6º Ano\TJD\jogo\game_TJD\KnowledgeHunter\Library\ScriptAssemblies\Unity.Rider.Editor.dll
Symbol file LoadedFromMemory is not a mono symbol file
Symbol file data-00000181027B2010 doesn't match image D:\FACULDADE\Mestrado\6º Ano\TJD\jogo\game_TJD\KnowledgeHunter\Library\ScriptAssemblies\UnityEngine.UI.dll
Symbol file LoadedFromMemory is not a mono symbol file
Native extension for WindowsStandalone target not found
Native extension for WebGL target not found
Refreshing native plugins compatible for Editor in 0.44 ms, found 2 plugins.
Preloading 0 native plugins for Editor in 0.00 ms.
Mono: successfully reloaded assembly
- Completed reload, in  2.661 seconds
Domain Reload Profiling:
	ReloadAssembly (2662ms)
		BeginReloadAssembly (520ms)
			ExecutionOrderSort (0ms)
			DisableScriptedObjects (16ms)
			BackupInstance (0ms)
			ReleaseScriptingObjects (0ms)
			CreateAndSetChildDomain (66ms)
		EndReloadAssembly (1994ms)
			LoadAssemblies (491ms)
			RebuildTransferFunctionScriptingTraits (0ms)
			SetupTypeCache (698ms)
			ReleaseScriptCaches (2ms)
			RebuildScriptCaches (89ms)
			SetupLoadedEditorAssemblies (844ms)
				LogAssemblyErrors (0ms)
				InitializePlatformSupportModulesInManaged (10ms)
				SetLoadedEditorAssemblies (1ms)
				RefreshPlugins (1ms)
				BeforeProcessingInitializeOnLoad (135ms)
				ProcessInitializeOnLoadAttributes (655ms)
				ProcessInitializeOnLoadMethodAttributes (29ms)
				AfterProcessingInitializeOnLoad (14ms)
				EditorAssembliesLoaded (0ms)
			ExecutionOrderSort2 (0ms)
			AwakeInstancesAfterBackupRestoration (19ms)
Platform modules already initialized, skipping
Refreshing native plugins compatible for Editor in 0.48 ms, found 2 plugins.
Preloading 0 native plugins for Editor in 0.00 ms.
Unloading 1743 Unused Serialized files (Serialized files now loaded: 0)
System memory in use before: 86.7 MB.
System memory in use after: 86.9 MB.

Unloading 12 unused Assets to reduce memory usage. Loaded Objects now: 2221.
Total: 4.002900 ms (FindLiveObjects: 0.281800 ms CreateObjectMapping: 0.124500 ms MarkObjects: 3.544300 ms  DeleteObjects: 0.051200 ms)

AssetImportParameters requested are different than current active one (requested -> active):
  custom:framework-win-MediaFoundation: 216162199b28c13a410421893ffa2e32 -> 
  custom:video-decoder-ogg-theora: a1e56fd34408186e4bbccfd4996cb3dc -> 
  custom:container-muxer-webm: aa71ff27fc2769a1b78a27578f13a17b -> 
  custom:container-demuxer-webm: 4f35f7cbe854078d1ac9338744f61a02 -> 
  custom:container-demuxer-ogg: 62fdf1f143b41e24485cea50d1cbac27 -> 
  custom:video-encoder-webm-vp8: eb34c28f22e8b96e1ab97ce403110664 -> 
  custom:video-decoder-webm-vp8: 9c59270c3fd7afecdb556c50c9e8de78 -> 
  custom:audio-decoder-ogg-vorbis: bf7c407c2cedff20999df2af8eb42d56 -> 
  custom:audio-encoder-webm-vorbis: bf7c407c2cedff20999df2af8eb42d56 -> 
========================================================================
Received Import Request.
  Time since last request: 17.284438 seconds.
  path: Assets/Inventory/Item.cs
  artifactKey: Guid(df832890186b0b741884753ed86aa563) Importer(815301076,1909f56bfc062723c751e8b465ee728b)
Start importing Assets/Inventory/Item.cs using Guid(df832890186b0b741884753ed86aa563) Importer(815301076,1909f56bfc062723c751e8b465ee728b)  -> (artifact id: '607570ce2f3656f4113d91c6aa8f0946') in 0.008436 seconds 
AssetImportWorkerClient::OnTransportError - code=2 error=End of file
